This file contains any messages produced by compilers while
running configure, to aid debugging if configure makes a mistake.

It was created by codes-net configure 0.4.0, which was
generated by GNU Autoconf 2.69.  Invocation command line was

  $ ../configure --with-codes-base=/home/ubuntu/codes-base/install --prefix=/home/ubuntu/codes-net/install CC=mpicc

## --------- ##
## Platform. ##
## --------- ##

hostname = ip-172-31-14-160
uname -m = x86_64
uname -r = 3.13.0-48-generic
uname -s = Linux
uname -v = #80-Ubuntu SMP Thu Mar 12 11:16:15 UTC 2015

/usr/bin/uname -p = unknown
/bin/uname -X     = unknown

/bin/arch              = unknown
/usr/bin/arch -k       = unknown
/usr/convex/getsysinfo = unknown
/usr/bin/hostinfo      = unknown
/bin/machine           = unknown
/usr/bin/oslevel       = unknown
/bin/universe          = unknown

PATH: /usr/local/sbin
PATH: /usr/local/bin
PATH: /usr/sbin
PATH: /usr/bin
PATH: /sbin
PATH: /bin
PATH: /usr/games
PATH: /usr/local/games


## ----------- ##
## Core tests. ##
## ----------- ##

configure:2477: checking build system type
configure:2491: result: x86_64-unknown-linux-gnu
configure:2511: checking host system type
configure:2524: result: x86_64-unknown-linux-gnu
configure:2544: checking target system type
configure:2557: result: x86_64-unknown-linux-gnu
configure:2602: checking for a BSD-compatible install
configure:2670: result: /usr/bin/install -c
configure:2681: checking whether build environment is sane
configure:2736: result: yes
configure:2887: checking for a thread-safe mkdir -p
configure:2926: result: /bin/mkdir -p
configure:2933: checking for gawk
configure:2949: found /usr/bin/gawk
configure:2960: result: gawk
configure:2971: checking whether make sets $(MAKE)
configure:2993: result: yes
configure:3022: checking whether make supports nested variables
configure:3039: result: yes
configure:3176: checking whether make supports nested variables
configure:3193: result: yes
configure:3258: checking for gcc
configure:3285: result: mpicc
configure:3514: checking for C compiler version
configure:3523: mpicc --version >&5
cc (Ubuntu 4.8.2-19ubuntu1) 4.8.2
Copyright (C) 2013 Free Software Foundation, Inc.
This is free software; see the source for copying conditions.  There is NO
warranty; not even for MERCHANTABILITY or FITNESS FOR A PARTICULAR PURPOSE.

configure:3534: $? = 0
configure:3523: mpicc -v >&5
mpicc for MPICH version 3.0.4
Using built-in specs.
COLLECT_GCC=cc
COLLECT_LTO_WRAPPER=/usr/lib/gcc/x86_64-linux-gnu/4.8/lto-wrapper
Target: x86_64-linux-gnu
Configured with: ../src/configure -v --with-pkgversion='Ubuntu 4.8.2-19ubuntu1' --with-bugurl=file:///usr/share/doc/gcc-4.8/README.Bugs --enable-languages=c,c++,java,go,d,fortran,objc,obj-c++ --prefix=/usr --program-suffix=-4.8 --enable-shared --enable-linker-build-id --libexecdir=/usr/lib --without-included-gettext --enable-threads=posix --with-gxx-include-dir=/usr/include/c++/4.8 --libdir=/usr/lib --enable-nls --with-sysroot=/ --enable-clocale=gnu --enable-libstdcxx-debug --enable-libstdcxx-time=yes --enable-gnu-unique-object --disable-libmudflap --enable-plugin --with-system-zlib --disable-browser-plugin --enable-java-awt=gtk --enable-gtk-cairo --with-java-home=/usr/lib/jvm/java-1.5.0-gcj-4.8-amd64/jre --enable-java-home --with-jvm-root-dir=/usr/lib/jvm/java-1.5.0-gcj-4.8-amd64 --with-jvm-jar-dir=/usr/lib/jvm-exports/java-1.5.0-gcj-4.8-amd64 --with-arch-directory=amd64 --with-ecj-jar=/usr/share/java/eclipse-ecj.jar --enable-objc-gc --enable-multiarch --disable-werror --with-arch-32=i686 --with-abi=m64 --with-multilib-list=m32,m64,mx32 --with-tune=generic --enable-checking=release --build=x86_64-linux-gnu --host=x86_64-linux-gnu --target=x86_64-linux-gnu
Thread model: posix
gcc version 4.8.2 (Ubuntu 4.8.2-19ubuntu1) 
configure:3534: $? = 0
configure:3523: mpicc -V >&5
cc: error: unrecognized command line option '-V'
configure:3534: $? = 1
configure:3523: mpicc -qversion >&5
cc: error: unrecognized command line option '-qversion'
configure:3534: $? = 1
configure:3554: checking whether the C compiler works
configure:3576: mpicc    conftest.c  >&5
configure:3580: $? = 0
configure:3628: result: yes
configure:3631: checking for C compiler default output file name
configure:3633: result: a.out
configure:3639: checking for suffix of executables
configure:3646: mpicc -o conftest    conftest.c  >&5
configure:3650: $? = 0
configure:3672: result: 
configure:3694: checking whether we are cross compiling
configure:3702: mpicc -o conftest    conftest.c  >&5
configure:3706: $? = 0
configure:3713: ./conftest
configure:3717: $? = 0
configure:3732: result: no
configure:3737: checking for suffix of object files
configure:3759: mpicc -c   conftest.c >&5
configure:3763: $? = 0
configure:3784: result: o
configure:3788: checking whether we are using the GNU C compiler
configure:3807: mpicc -c   conftest.c >&5
configure:3807: $? = 0
configure:3816: result: yes
configure:3825: checking whether mpicc accepts -g
configure:3845: mpicc -c -g  conftest.c >&5
configure:3845: $? = 0
configure:3886: result: yes
configure:3903: checking for mpicc option to accept ISO C89
configure:3966: mpicc  -c -g -O2  conftest.c >&5
configure:3966: $? = 0
configure:3979: result: none needed
configure:4004: checking whether mpicc understands -c and -o together
configure:4026: mpicc -c conftest.c -o conftest2.o
configure:4029: $? = 0
configure:4026: mpicc -c conftest.c -o conftest2.o
configure:4029: $? = 0
configure:4041: result: yes
configure:4069: checking for style of include used by make
configure:4097: result: GNU
configure:4123: checking dependency style of mpicc
configure:4234: result: gcc3
configure:4308: checking for g++
configure:4324: found /usr/bin/g++
configure:4335: result: g++
configure:4362: checking for C++ compiler version
configure:4371: g++ --version >&5
g++ (Ubuntu 4.8.2-19ubuntu1) 4.8.2
Copyright (C) 2013 Free Software Foundation, Inc.
This is free software; see the source for copying conditions.  There is NO
warranty; not even for MERCHANTABILITY or FITNESS FOR A PARTICULAR PURPOSE.

configure:4382: $? = 0
configure:4371: g++ -v >&5
Using built-in specs.
COLLECT_GCC=g++
COLLECT_LTO_WRAPPER=/usr/lib/gcc/x86_64-linux-gnu/4.8/lto-wrapper
Target: x86_64-linux-gnu
Configured with: ../src/configure -v --with-pkgversion='Ubuntu 4.8.2-19ubuntu1' --with-bugurl=file:///usr/share/doc/gcc-4.8/README.Bugs --enable-languages=c,c++,java,go,d,fortran,objc,obj-c++ --prefix=/usr --program-suffix=-4.8 --enable-shared --enable-linker-build-id --libexecdir=/usr/lib --without-included-gettext --enable-threads=posix --with-gxx-include-dir=/usr/include/c++/4.8 --libdir=/usr/lib --enable-nls --with-sysroot=/ --enable-clocale=gnu --enable-libstdcxx-debug --enable-libstdcxx-time=yes --enable-gnu-unique-object --disable-libmudflap --enable-plugin --with-system-zlib --disable-browser-plugin --enable-java-awt=gtk --enable-gtk-cairo --with-java-home=/usr/lib/jvm/java-1.5.0-gcj-4.8-amd64/jre --enable-java-home --with-jvm-root-dir=/usr/lib/jvm/java-1.5.0-gcj-4.8-amd64 --with-jvm-jar-dir=/usr/lib/jvm-exports/java-1.5.0-gcj-4.8-amd64 --with-arch-directory=amd64 --with-ecj-jar=/usr/share/java/eclipse-ecj.jar --enable-objc-gc --enable-multiarch --disable-werror --with-arch-32=i686 --with-abi=m64 --with-multilib-list=m32,m64,mx32 --with-tune=generic --enable-checking=release --build=x86_64-linux-gnu --host=x86_64-linux-gnu --target=x86_64-linux-gnu
Thread model: posix
gcc version 4.8.2 (Ubuntu 4.8.2-19ubuntu1) 
configure:4382: $? = 0
configure:4371: g++ -V >&5
g++: error: unrecognized command line option '-V'
g++: fatal error: no input files
compilation terminated.
configure:4382: $? = 4
configure:4371: g++ -qversion >&5
g++: error: unrecognized command line option '-qversion'
g++: fatal error: no input files
compilation terminated.
configure:4382: $? = 4
configure:4386: checking whether we are using the GNU C++ compiler
configure:4405: g++ -c   conftest.cpp >&5
configure:4405: $? = 0
configure:4414: result: yes
configure:4423: checking whether g++ accepts -g
configure:4443: g++ -c -g  conftest.cpp >&5
configure:4443: $? = 0
configure:4484: result: yes
configure:4509: checking dependency style of g++
configure:4620: result: gcc3
configure:4640: checking how to run the C++ preprocessor
configure:4667: g++ -E  conftest.cpp
configure:4667: $? = 0
configure:4681: g++ -E  conftest.cpp
conftest.cpp:11:28: fatal error: ac_nonexistent.h: No such file or directory
 #include <ac_nonexistent.h>
                            ^
compilation terminated.
configure:4681: $? = 1
configure: failed program was:
| /* confdefs.h */
| #define PACKAGE_NAME "codes-net"
| #define PACKAGE_TARNAME "codes-net"
| #define PACKAGE_VERSION "0.4.0"
| #define PACKAGE_STRING "codes-net 0.4.0"
| #define PACKAGE_BUGREPORT "http://trac.mcs.anl.gov/projects/codes/newticket"
| #define PACKAGE_URL "http://www.mcs.anl.gov/projects/codes"
| #define PACKAGE "codes-net"
| #define VERSION "0.4.0"
| /* end confdefs.h.  */
| #include <ac_nonexistent.h>
configure:4706: result: g++ -E
configure:4726: g++ -E  conftest.cpp
configure:4726: $? = 0
configure:4740: g++ -E  conftest.cpp
conftest.cpp:11:28: fatal error: ac_nonexistent.h: No such file or directory
 #include <ac_nonexistent.h>
                            ^
compilation terminated.
configure:4740: $? = 1
configure: failed program was:
| /* confdefs.h */
| #define PACKAGE_NAME "codes-net"
| #define PACKAGE_TARNAME "codes-net"
| #define PACKAGE_VERSION "0.4.0"
| #define PACKAGE_STRING "codes-net 0.4.0"
| #define PACKAGE_BUGREPORT "http://trac.mcs.anl.gov/projects/codes/newticket"
| #define PACKAGE_URL "http://www.mcs.anl.gov/projects/codes"
| #define PACKAGE "codes-net"
| #define VERSION "0.4.0"
| /* end confdefs.h.  */
| #include <ac_nonexistent.h>
configure:4811: checking for ranlib
configure:4827: found /usr/bin/ranlib
configure:4838: result: ranlib
configure:4862: checking for mpicc option to accept ISO C99
configure:5011: mpicc  -c -g -O2  conftest.c >&5
conftest.c:61:29: error: expected ';', ',' or ')' before 'text'
 test_restrict (ccp restrict text)
                             ^
conftest.c: In function 'main':
conftest.c:115:18: error: expected '=', ',', ';', 'asm' or '__attribute__' before 'newvar'
   char *restrict newvar = "Another string";
                  ^
conftest.c:115:18: error: 'newvar' undeclared (first use in this function)
conftest.c:115:18: note: each undeclared identifier is reported only once for each function it appears in
conftest.c:125:3: error: 'for' loop initial declarations are only allowed in C99 mode
   for (int i = 0; i < ia->datasize; ++i)
   ^
conftest.c:125:3: note: use option -std=c99 or -std=gnu99 to compile your code
configure:5011: $? = 1
configure: failed program was:
| /* confdefs.h */
| #define PACKAGE_NAME "codes-net"
| #define PACKAGE_TARNAME "codes-net"
| #define PACKAGE_VERSION "0.4.0"
| #define PACKAGE_STRING "codes-net 0.4.0"
| #define PACKAGE_BUGREPORT "http://trac.mcs.anl.gov/projects/codes/newticket"
| #define PACKAGE_URL "http://www.mcs.anl.gov/projects/codes"
| #define PACKAGE "codes-net"
| #define VERSION "0.4.0"
| /* end confdefs.h.  */
| #include <stdarg.h>
| #include <stdbool.h>
| #include <stdlib.h>
| #include <wchar.h>
| #include <stdio.h>
| 
| // Check varargs macros.  These examples are taken from C99 6.10.3.5.
| #define debug(...) fprintf (stderr, __VA_ARGS__)
| #define showlist(...) puts (#__VA_ARGS__)
| #define report(test,...) ((test) ? puts (#test) : printf (__VA_ARGS__))
| static void
| test_varargs_macros (void)
| {
|   int x = 1234;
|   int y = 5678;
|   debug ("Flag");
|   debug ("X = %d\n", x);
|   showlist (The first, second, and third items.);
|   report (x>y, "x is %d but y is %d", x, y);
| }
| 
| // Check long long types.
| #define BIG64 18446744073709551615ull
| #define BIG32 4294967295ul
| #define BIG_OK (BIG64 / BIG32 == 4294967297ull && BIG64 % BIG32 == 0)
| #if !BIG_OK
|   your preprocessor is broken;
| #endif
| #if BIG_OK
| #else
|   your preprocessor is broken;
| #endif
| static long long int bignum = -9223372036854775807LL;
| static unsigned long long int ubignum = BIG64;
| 
| struct incomplete_array
| {
|   int datasize;
|   double data[];
| };
| 
| struct named_init {
|   int number;
|   const wchar_t *name;
|   double average;
| };
| 
| typedef const char *ccp;
| 
| static inline int
| test_restrict (ccp restrict text)
| {
|   // See if C++-style comments work.
|   // Iterate through items via the restricted pointer.
|   // Also check for declarations in for loops.
|   for (unsigned int i = 0; *(text+i) != '\0'; ++i)
|     continue;
|   return 0;
| }
| 
| // Check varargs and va_copy.
| static void
| test_varargs (const char *format, ...)
| {
|   va_list args;
|   va_start (args, format);
|   va_list args_copy;
|   va_copy (args_copy, args);
| 
|   const char *str;
|   int number;
|   float fnumber;
| 
|   while (*format)
|     {
|       switch (*format++)
| 	{
| 	case 's': // string
| 	  str = va_arg (args_copy, const char *);
| 	  break;
| 	case 'd': // int
| 	  number = va_arg (args_copy, int);
| 	  break;
| 	case 'f': // float
| 	  fnumber = va_arg (args_copy, double);
| 	  break;
| 	default:
| 	  break;
| 	}
|     }
|   va_end (args_copy);
|   va_end (args);
| }
| 
| int
| main ()
| {
| 
|   // Check bool.
|   _Bool success = false;
| 
|   // Check restrict.
|   if (test_restrict ("String literal") == 0)
|     success = true;
|   char *restrict newvar = "Another string";
| 
|   // Check varargs.
|   test_varargs ("s, d' f .", "string", 65, 34.234);
|   test_varargs_macros ();
| 
|   // Check flexible array members.
|   struct incomplete_array *ia =
|     malloc (sizeof (struct incomplete_array) + (sizeof (double) * 10));
|   ia->datasize = 10;
|   for (int i = 0; i < ia->datasize; ++i)
|     ia->data[i] = i * 1.234;
| 
|   // Check named initializers.
|   struct named_init ni = {
|     .number = 34,
|     .name = L"Test wide string",
|     .average = 543.34343,
|   };
| 
|   ni.number = 58;
| 
|   int dynamic_array[ni.number];
|   dynamic_array[ni.number - 1] = 543;
| 
|   // work around unused variable warnings
|   return (!success || bignum == 0LL || ubignum == 0uLL || newvar[0] == 'x'
| 	  || dynamic_array[ni.number - 1] != 543);
| 
|   ;
|   return 0;
| }
configure:5011: mpicc -std=gnu99 -c -g -O2  conftest.c >&5
configure:5011: $? = 0
configure:5031: result: -std=gnu99
configure:5046: checking how to run the C preprocessor
configure:5077: mpicc -std=gnu99 -E  conftest.c
configure:5077: $? = 0
configure:5091: mpicc -std=gnu99 -E  conftest.c
conftest.c:11:28: fatal error: ac_nonexistent.h: No such file or directory
 #include <ac_nonexistent.h>
                            ^
compilation terminated.
configure:5091: $? = 1
configure: failed program was:
| /* confdefs.h */
| #define PACKAGE_NAME "codes-net"
| #define PACKAGE_TARNAME "codes-net"
| #define PACKAGE_VERSION "0.4.0"
| #define PACKAGE_STRING "codes-net 0.4.0"
| #define PACKAGE_BUGREPORT "http://trac.mcs.anl.gov/projects/codes/newticket"
| #define PACKAGE_URL "http://www.mcs.anl.gov/projects/codes"
| #define PACKAGE "codes-net"
| #define VERSION "0.4.0"
| /* end confdefs.h.  */
| #include <ac_nonexistent.h>
configure:5116: result: mpicc -std=gnu99 -E
configure:5136: mpicc -std=gnu99 -E  conftest.c
configure:5136: $? = 0
configure:5150: mpicc -std=gnu99 -E  conftest.c
conftest.c:11:28: fatal error: ac_nonexistent.h: No such file or directory
 #include <ac_nonexistent.h>
                            ^
compilation terminated.
configure:5150: $? = 1
configure: failed program was:
| /* confdefs.h */
| #define PACKAGE_NAME "codes-net"
| #define PACKAGE_TARNAME "codes-net"
| #define PACKAGE_VERSION "0.4.0"
| #define PACKAGE_STRING "codes-net 0.4.0"
| #define PACKAGE_BUGREPORT "http://trac.mcs.anl.gov/projects/codes/newticket"
| #define PACKAGE_URL "http://www.mcs.anl.gov/projects/codes"
| #define PACKAGE "codes-net"
| #define VERSION "0.4.0"
| /* end confdefs.h.  */
| #include <ac_nonexistent.h>
configure:5182: checking for grep that handles long lines and -e
configure:5240: result: /bin/grep
configure:5245: checking for egrep
configure:5307: result: /bin/grep -E
configure:5312: checking for ANSI C header files
configure:5332: mpicc -std=gnu99 -c -g -O2  conftest.c >&5
configure:5332: $? = 0
configure:5405: mpicc -std=gnu99 -o conftest -g -O2   conftest.c  >&5
configure:5405: $? = 0
configure:5405: ./conftest
configure:5405: $? = 0
configure:5416: result: yes
configure:5429: checking for sys/types.h
configure:5429: mpicc -std=gnu99 -c -g -O2  conftest.c >&5
configure:5429: $? = 0
configure:5429: result: yes
configure:5429: checking for sys/stat.h
configure:5429: mpicc -std=gnu99 -c -g -O2  conftest.c >&5
configure:5429: $? = 0
configure:5429: result: yes
configure:5429: checking for stdlib.h
configure:5429: mpicc -std=gnu99 -c -g -O2  conftest.c >&5
configure:5429: $? = 0
configure:5429: result: yes
configure:5429: checking for string.h
configure:5429: mpicc -std=gnu99 -c -g -O2  conftest.c >&5
configure:5429: $? = 0
configure:5429: result: yes
configure:5429: checking for memory.h
configure:5429: mpicc -std=gnu99 -c -g -O2  conftest.c >&5
configure:5429: $? = 0
configure:5429: result: yes
configure:5429: checking for strings.h
configure:5429: mpicc -std=gnu99 -c -g -O2  conftest.c >&5
configure:5429: $? = 0
configure:5429: result: yes
configure:5429: checking for inttypes.h
configure:5429: mpicc -std=gnu99 -c -g -O2  conftest.c >&5
configure:5429: $? = 0
configure:5429: result: yes
configure:5429: checking for stdint.h
configure:5429: mpicc -std=gnu99 -c -g -O2  conftest.c >&5
configure:5429: $? = 0
configure:5429: result: yes
configure:5429: checking for unistd.h
configure:5429: mpicc -std=gnu99 -c -g -O2  conftest.c >&5
configure:5429: $? = 0
configure:5429: result: yes
configure:5444: checking for stdlib.h
configure:5444: result: yes
configure:5444: checking for string.h
configure:5444: result: yes
configure:5444: checking for unistd.h
configure:5444: result: yes
configure:5444: checking execinfo.h usability
configure:5444: mpicc -std=gnu99 -c -g -O2  conftest.c >&5
configure:5444: $? = 0
configure:5444: result: yes
configure:5444: checking execinfo.h presence
configure:5444: mpicc -std=gnu99 -E  conftest.c
configure:5444: $? = 0
configure:5444: result: yes
configure:5444: checking for execinfo.h
configure:5444: result: yes
configure:5444: checking pthread.h usability
configure:5444: mpicc -std=gnu99 -c -g -O2  conftest.c >&5
configure:5444: $? = 0
configure:5444: result: yes
configure:5444: checking pthread.h presence
configure:5444: mpicc -std=gnu99 -E  conftest.c
configure:5444: $? = 0
configure:5444: result: yes
configure:5444: checking for pthread.h
configure:5444: result: yes
configure:5444: checking malloc.h usability
configure:5444: mpicc -std=gnu99 -c -g -O2  conftest.c >&5
configure:5444: $? = 0
configure:5444: result: yes
configure:5444: checking malloc.h presence
configure:5444: mpicc -std=gnu99 -E  conftest.c
configure:5444: $? = 0
configure:5444: result: yes
configure:5444: checking for malloc.h
configure:5444: result: yes
configure:5456: checking for an ANSI C-conforming const
configure:5522: mpicc -std=gnu99 -c -g -O2  conftest.c >&5
configure:5522: $? = 0
configure:5529: result: yes
configure:5537: checking for inline
configure:5553: mpicc -std=gnu99 -c -g -O2  conftest.c >&5
configure:5553: $? = 0
configure:5561: result: inline
configure:5579: checking for int8_t
configure:5579: mpicc -std=gnu99 -c -g -O2  conftest.c >&5
configure:5579: $? = 0
configure:5579: mpicc -std=gnu99 -c -g -O2  conftest.c >&5
conftest.c: In function 'main':
conftest.c:64:12: error: size of array 'test_array' is negative
 static int test_array [1 - 2 * !((int8_t) (((((int8_t) 1 << N) << N) - 1) * 2 + 1)
            ^
configure:5579: $? = 1
configure: failed program was:
| /* confdefs.h */
| #define PACKAGE_NAME "codes-net"
| #define PACKAGE_TARNAME "codes-net"
| #define PACKAGE_VERSION "0.4.0"
| #define PACKAGE_STRING "codes-net 0.4.0"
| #define PACKAGE_BUGREPORT "http://trac.mcs.anl.gov/projects/codes/newticket"
| #define PACKAGE_URL "http://www.mcs.anl.gov/projects/codes"
| #define PACKAGE "codes-net"
| #define VERSION "0.4.0"
| #define STDC_HEADERS 1
| #define HAVE_SYS_TYPES_H 1
| #define HAVE_SYS_STAT_H 1
| #define HAVE_STDLIB_H 1
| #define HAVE_STRING_H 1
| #define HAVE_MEMORY_H 1
| #define HAVE_STRINGS_H 1
| #define HAVE_INTTYPES_H 1
| #define HAVE_STDINT_H 1
| #define HAVE_UNISTD_H 1
| #define HAVE_STDLIB_H 1
| #define HAVE_STRING_H 1
| #define HAVE_UNISTD_H 1
| #define HAVE_EXECINFO_H 1
| #define HAVE_PTHREAD_H 1
| #define HAVE_MALLOC_H 1
| /* end confdefs.h.  */
| #include <stdio.h>
| #ifdef HAVE_SYS_TYPES_H
| # include <sys/types.h>
| #endif
| #ifdef HAVE_SYS_STAT_H
| # include <sys/stat.h>
| #endif
| #ifdef STDC_HEADERS
| # include <stdlib.h>
| # include <stddef.h>
| #else
| # ifdef HAVE_STDLIB_H
| #  include <stdlib.h>
| # endif
| #endif
| #ifdef HAVE_STRING_H
| # if !defined STDC_HEADERS && defined HAVE_MEMORY_H
| #  include <memory.h>
| # endif
| # include <string.h>
| #endif
| #ifdef HAVE_STRINGS_H
| # include <strings.h>
| #endif
| #ifdef HAVE_INTTYPES_H
| # include <inttypes.h>
| #endif
| #ifdef HAVE_STDINT_H
| # include <stdint.h>
| #endif
| #ifdef HAVE_UNISTD_H
| # include <unistd.h>
| #endif
| 	        enum { N = 8 / 2 - 1 };
| int
| main ()
| {
| static int test_array [1 - 2 * !((int8_t) (((((int8_t) 1 << N) << N) - 1) * 2 + 1)
| 		 < (int8_t) (((((int8_t) 1 << N) << N) - 1) * 2 + 2))];
| test_array [0] = 0;
| return test_array [0];
| 
|   ;
|   return 0;
| }
configure:5579: result: yes
configure:5590: checking for int16_t
configure:5590: mpicc -std=gnu99 -c -g -O2  conftest.c >&5
configure:5590: $? = 0
configure:5590: mpicc -std=gnu99 -c -g -O2  conftest.c >&5
conftest.c: In function 'main':
conftest.c:64:12: error: size of array 'test_array' is negative
 static int test_array [1 - 2 * !((int16_t) (((((int16_t) 1 << N) << N) - 1) * 2 + 1)
            ^
configure:5590: $? = 1
configure: failed program was:
| /* confdefs.h */
| #define PACKAGE_NAME "codes-net"
| #define PACKAGE_TARNAME "codes-net"
| #define PACKAGE_VERSION "0.4.0"
| #define PACKAGE_STRING "codes-net 0.4.0"
| #define PACKAGE_BUGREPORT "http://trac.mcs.anl.gov/projects/codes/newticket"
| #define PACKAGE_URL "http://www.mcs.anl.gov/projects/codes"
| #define PACKAGE "codes-net"
| #define VERSION "0.4.0"
| #define STDC_HEADERS 1
| #define HAVE_SYS_TYPES_H 1
| #define HAVE_SYS_STAT_H 1
| #define HAVE_STDLIB_H 1
| #define HAVE_STRING_H 1
| #define HAVE_MEMORY_H 1
| #define HAVE_STRINGS_H 1
| #define HAVE_INTTYPES_H 1
| #define HAVE_STDINT_H 1
| #define HAVE_UNISTD_H 1
| #define HAVE_STDLIB_H 1
| #define HAVE_STRING_H 1
| #define HAVE_UNISTD_H 1
| #define HAVE_EXECINFO_H 1
| #define HAVE_PTHREAD_H 1
| #define HAVE_MALLOC_H 1
| /* end confdefs.h.  */
| #include <stdio.h>
| #ifdef HAVE_SYS_TYPES_H
| # include <sys/types.h>
| #endif
| #ifdef HAVE_SYS_STAT_H
| # include <sys/stat.h>
| #endif
| #ifdef STDC_HEADERS
| # include <stdlib.h>
| # include <stddef.h>
| #else
| # ifdef HAVE_STDLIB_H
| #  include <stdlib.h>
| # endif
| #endif
| #ifdef HAVE_STRING_H
| # if !defined STDC_HEADERS && defined HAVE_MEMORY_H
| #  include <memory.h>
| # endif
| # include <string.h>
| #endif
| #ifdef HAVE_STRINGS_H
| # include <strings.h>
| #endif
| #ifdef HAVE_INTTYPES_H
| # include <inttypes.h>
| #endif
| #ifdef HAVE_STDINT_H
| # include <stdint.h>
| #endif
| #ifdef HAVE_UNISTD_H
| # include <unistd.h>
| #endif
| 	        enum { N = 16 / 2 - 1 };
| int
| main ()
| {
| static int test_array [1 - 2 * !((int16_t) (((((int16_t) 1 << N) << N) - 1) * 2 + 1)
| 		 < (int16_t) (((((int16_t) 1 << N) << N) - 1) * 2 + 2))];
| test_array [0] = 0;
| return test_array [0];
| 
|   ;
|   return 0;
| }
configure:5590: result: yes
configure:5601: checking for int32_t
configure:5601: mpicc -std=gnu99 -c -g -O2  conftest.c >&5
configure:5601: $? = 0
configure:5601: mpicc -std=gnu99 -c -g -O2  conftest.c >&5
conftest.c: In function 'main':
conftest.c:65:53: warning: integer overflow in expression [-Woverflow]
    < (int32_t) (((((int32_t) 1 << N) << N) - 1) * 2 + 2))];
                                                     ^
conftest.c:64:12: error: storage size of 'test_array' isn't constant
 static int test_array [1 - 2 * !((int32_t) (((((int32_t) 1 << N) << N) - 1) * 2 + 1)
            ^
configure:5601: $? = 1
configure: failed program was:
| /* confdefs.h */
| #define PACKAGE_NAME "codes-net"
| #define PACKAGE_TARNAME "codes-net"
| #define PACKAGE_VERSION "0.4.0"
| #define PACKAGE_STRING "codes-net 0.4.0"
| #define PACKAGE_BUGREPORT "http://trac.mcs.anl.gov/projects/codes/newticket"
| #define PACKAGE_URL "http://www.mcs.anl.gov/projects/codes"
| #define PACKAGE "codes-net"
| #define VERSION "0.4.0"
| #define STDC_HEADERS 1
| #define HAVE_SYS_TYPES_H 1
| #define HAVE_SYS_STAT_H 1
| #define HAVE_STDLIB_H 1
| #define HAVE_STRING_H 1
| #define HAVE_MEMORY_H 1
| #define HAVE_STRINGS_H 1
| #define HAVE_INTTYPES_H 1
| #define HAVE_STDINT_H 1
| #define HAVE_UNISTD_H 1
| #define HAVE_STDLIB_H 1
| #define HAVE_STRING_H 1
| #define HAVE_UNISTD_H 1
| #define HAVE_EXECINFO_H 1
| #define HAVE_PTHREAD_H 1
| #define HAVE_MALLOC_H 1
| /* end confdefs.h.  */
| #include <stdio.h>
| #ifdef HAVE_SYS_TYPES_H
| # include <sys/types.h>
| #endif
| #ifdef HAVE_SYS_STAT_H
| # include <sys/stat.h>
| #endif
| #ifdef STDC_HEADERS
| # include <stdlib.h>
| # include <stddef.h>
| #else
| # ifdef HAVE_STDLIB_H
| #  include <stdlib.h>
| # endif
| #endif
| #ifdef HAVE_STRING_H
| # if !defined STDC_HEADERS && defined HAVE_MEMORY_H
| #  include <memory.h>
| # endif
| # include <string.h>
| #endif
| #ifdef HAVE_STRINGS_H
| # include <strings.h>
| #endif
| #ifdef HAVE_INTTYPES_H
| # include <inttypes.h>
| #endif
| #ifdef HAVE_STDINT_H
| # include <stdint.h>
| #endif
| #ifdef HAVE_UNISTD_H
| # include <unistd.h>
| #endif
| 	        enum { N = 32 / 2 - 1 };
| int
| main ()
| {
| static int test_array [1 - 2 * !((int32_t) (((((int32_t) 1 << N) << N) - 1) * 2 + 1)
| 		 < (int32_t) (((((int32_t) 1 << N) << N) - 1) * 2 + 2))];
| test_array [0] = 0;
| return test_array [0];
| 
|   ;
|   return 0;
| }
configure:5601: result: yes
configure:5612: checking for int64_t
configure:5612: mpicc -std=gnu99 -c -g -O2  conftest.c >&5
configure:5612: $? = 0
configure:5612: mpicc -std=gnu99 -c -g -O2  conftest.c >&5
conftest.c: In function 'main':
conftest.c:65:53: warning: integer overflow in expression [-Woverflow]
    < (int64_t) (((((int64_t) 1 << N) << N) - 1) * 2 + 2))];
                                                     ^
conftest.c:64:12: error: storage size of 'test_array' isn't constant
 static int test_array [1 - 2 * !((int64_t) (((((int64_t) 1 << N) << N) - 1) * 2 + 1)
            ^
configure:5612: $? = 1
configure: failed program was:
| /* confdefs.h */
| #define PACKAGE_NAME "codes-net"
| #define PACKAGE_TARNAME "codes-net"
| #define PACKAGE_VERSION "0.4.0"
| #define PACKAGE_STRING "codes-net 0.4.0"
| #define PACKAGE_BUGREPORT "http://trac.mcs.anl.gov/projects/codes/newticket"
| #define PACKAGE_URL "http://www.mcs.anl.gov/projects/codes"
| #define PACKAGE "codes-net"
| #define VERSION "0.4.0"
| #define STDC_HEADERS 1
| #define HAVE_SYS_TYPES_H 1
| #define HAVE_SYS_STAT_H 1
| #define HAVE_STDLIB_H 1
| #define HAVE_STRING_H 1
| #define HAVE_MEMORY_H 1
| #define HAVE_STRINGS_H 1
| #define HAVE_INTTYPES_H 1
| #define HAVE_STDINT_H 1
| #define HAVE_UNISTD_H 1
| #define HAVE_STDLIB_H 1
| #define HAVE_STRING_H 1
| #define HAVE_UNISTD_H 1
| #define HAVE_EXECINFO_H 1
| #define HAVE_PTHREAD_H 1
| #define HAVE_MALLOC_H 1
| /* end confdefs.h.  */
| #include <stdio.h>
| #ifdef HAVE_SYS_TYPES_H
| # include <sys/types.h>
| #endif
| #ifdef HAVE_SYS_STAT_H
| # include <sys/stat.h>
| #endif
| #ifdef STDC_HEADERS
| # include <stdlib.h>
| # include <stddef.h>
| #else
| # ifdef HAVE_STDLIB_H
| #  include <stdlib.h>
| # endif
| #endif
| #ifdef HAVE_STRING_H
| # if !defined STDC_HEADERS && defined HAVE_MEMORY_H
| #  include <memory.h>
| # endif
| # include <string.h>
| #endif
| #ifdef HAVE_STRINGS_H
| # include <strings.h>
| #endif
| #ifdef HAVE_INTTYPES_H
| # include <inttypes.h>
| #endif
| #ifdef HAVE_STDINT_H
| # include <stdint.h>
| #endif
| #ifdef HAVE_UNISTD_H
| # include <unistd.h>
| #endif
| 	        enum { N = 64 / 2 - 1 };
| int
| main ()
| {
| static int test_array [1 - 2 * !((int64_t) (((((int64_t) 1 << N) << N) - 1) * 2 + 1)
| 		 < (int64_t) (((((int64_t) 1 << N) << N) - 1) * 2 + 2))];
| test_array [0] = 0;
| return test_array [0];
| 
|   ;
|   return 0;
| }
configure:5612: result: yes
configure:5623: checking for uint8_t
configure:5623: mpicc -std=gnu99 -c -g -O2  conftest.c >&5
configure:5623: $? = 0
configure:5623: result: yes
configure:5637: checking for uint16_t
configure:5637: mpicc -std=gnu99 -c -g -O2  conftest.c >&5
configure:5637: $? = 0
configure:5637: result: yes
configure:5649: checking for uint32_t
configure:5649: mpicc -std=gnu99 -c -g -O2  conftest.c >&5
configure:5649: $? = 0
configure:5649: result: yes
configure:5663: checking for uint64_t
configure:5663: mpicc -std=gnu99 -c -g -O2  conftest.c >&5
configure:5663: $? = 0
configure:5663: result: yes
configure:5677: checking for size_t
configure:5677: mpicc -std=gnu99 -c -g -O2  conftest.c >&5
configure:5677: $? = 0
configure:5677: mpicc -std=gnu99 -c -g -O2  conftest.c >&5
conftest.c: In function 'main':
conftest.c:63:21: error: expected expression before ')' token
 if (sizeof ((size_t)))
                     ^
configure:5677: $? = 1
configure: failed program was:
| /* confdefs.h */
| #define PACKAGE_NAME "codes-net"
| #define PACKAGE_TARNAME "codes-net"
| #define PACKAGE_VERSION "0.4.0"
| #define PACKAGE_STRING "codes-net 0.4.0"
| #define PACKAGE_BUGREPORT "http://trac.mcs.anl.gov/projects/codes/newticket"
| #define PACKAGE_URL "http://www.mcs.anl.gov/projects/codes"
| #define PACKAGE "codes-net"
| #define VERSION "0.4.0"
| #define STDC_HEADERS 1
| #define HAVE_SYS_TYPES_H 1
| #define HAVE_SYS_STAT_H 1
| #define HAVE_STDLIB_H 1
| #define HAVE_STRING_H 1
| #define HAVE_MEMORY_H 1
| #define HAVE_STRINGS_H 1
| #define HAVE_INTTYPES_H 1
| #define HAVE_STDINT_H 1
| #define HAVE_UNISTD_H 1
| #define HAVE_STDLIB_H 1
| #define HAVE_STRING_H 1
| #define HAVE_UNISTD_H 1
| #define HAVE_EXECINFO_H 1
| #define HAVE_PTHREAD_H 1
| #define HAVE_MALLOC_H 1
| /* end confdefs.h.  */
| #include <stdio.h>
| #ifdef HAVE_SYS_TYPES_H
| # include <sys/types.h>
| #endif
| #ifdef HAVE_SYS_STAT_H
| # include <sys/stat.h>
| #endif
| #ifdef STDC_HEADERS
| # include <stdlib.h>
| # include <stddef.h>
| #else
| # ifdef HAVE_STDLIB_H
| #  include <stdlib.h>
| # endif
| #endif
| #ifdef HAVE_STRING_H
| # if !defined STDC_HEADERS && defined HAVE_MEMORY_H
| #  include <memory.h>
| # endif
| # include <string.h>
| #endif
| #ifdef HAVE_STRINGS_H
| # include <strings.h>
| #endif
| #ifdef HAVE_INTTYPES_H
| # include <inttypes.h>
| #endif
| #ifdef HAVE_STDINT_H
| # include <stdint.h>
| #endif
| #ifdef HAVE_UNISTD_H
| # include <unistd.h>
| #endif
| int
| main ()
| {
| if (sizeof ((size_t)))
| 	    return 0;
|   ;
|   return 0;
| }
configure:5677: result: yes
configure:5688: checking for ssize_t
configure:5688: mpicc -std=gnu99 -c -g -O2  conftest.c >&5
configure:5688: $? = 0
configure:5688: mpicc -std=gnu99 -c -g -O2  conftest.c >&5
conftest.c: In function 'main':
conftest.c:63:22: error: expected expression before ')' token
 if (sizeof ((ssize_t)))
                      ^
configure:5688: $? = 1
configure: failed program was:
| /* confdefs.h */
| #define PACKAGE_NAME "codes-net"
| #define PACKAGE_TARNAME "codes-net"
| #define PACKAGE_VERSION "0.4.0"
| #define PACKAGE_STRING "codes-net 0.4.0"
| #define PACKAGE_BUGREPORT "http://trac.mcs.anl.gov/projects/codes/newticket"
| #define PACKAGE_URL "http://www.mcs.anl.gov/projects/codes"
| #define PACKAGE "codes-net"
| #define VERSION "0.4.0"
| #define STDC_HEADERS 1
| #define HAVE_SYS_TYPES_H 1
| #define HAVE_SYS_STAT_H 1
| #define HAVE_STDLIB_H 1
| #define HAVE_STRING_H 1
| #define HAVE_MEMORY_H 1
| #define HAVE_STRINGS_H 1
| #define HAVE_INTTYPES_H 1
| #define HAVE_STDINT_H 1
| #define HAVE_UNISTD_H 1
| #define HAVE_STDLIB_H 1
| #define HAVE_STRING_H 1
| #define HAVE_UNISTD_H 1
| #define HAVE_EXECINFO_H 1
| #define HAVE_PTHREAD_H 1
| #define HAVE_MALLOC_H 1
| /* end confdefs.h.  */
| #include <stdio.h>
| #ifdef HAVE_SYS_TYPES_H
| # include <sys/types.h>
| #endif
| #ifdef HAVE_SYS_STAT_H
| # include <sys/stat.h>
| #endif
| #ifdef STDC_HEADERS
| # include <stdlib.h>
| # include <stddef.h>
| #else
| # ifdef HAVE_STDLIB_H
| #  include <stdlib.h>
| # endif
| #endif
| #ifdef HAVE_STRING_H
| # if !defined STDC_HEADERS && defined HAVE_MEMORY_H
| #  include <memory.h>
| # endif
| # include <string.h>
| #endif
| #ifdef HAVE_STRINGS_H
| # include <strings.h>
| #endif
| #ifdef HAVE_INTTYPES_H
| # include <inttypes.h>
| #endif
| #ifdef HAVE_STDINT_H
| # include <stdint.h>
| #endif
| #ifdef HAVE_UNISTD_H
| # include <unistd.h>
| #endif
| int
| main ()
| {
| if (sizeof ((ssize_t)))
| 	    return 0;
|   ;
|   return 0;
| }
configure:5688: result: yes
configure:5703: checking for memset
configure:5703: mpicc -std=gnu99 -o conftest -g -O2   conftest.c  >&5
conftest.c:50:6: warning: conflicting types for built-in function 'memset' [enabled by default]
 char memset ();
      ^
configure:5703: $? = 0
configure:5703: result: yes
configure:5712: checking for pthread_create in -lpthread
configure:5737: mpicc -std=gnu99 -o conftest -g -O2   conftest.c -lpthread   >&5
configure:5737: $? = 0
configure:5746: result: yes
configure:5759: checking for sqrt in -lm
configure:5784: mpicc -std=gnu99 -o conftest -g -O2   conftest.c -lm  -lpthread  >&5
conftest.c:36:6: warning: conflicting types for built-in function 'sqrt' [enabled by default]
 char sqrt ();
      ^
configure:5784: $? = 0
configure:5793: result: yes
configure:5813: checking for /home/ubuntu/codes-base/install/lib/pkgconfig/codes-base.pc
configure:5827: result: yes
configure:5963: checking that generated files are newer than configure
configure:5969: result: done
configure:5996: creating ./config.status

## ---------------------- ##
## Running config.status. ##
## ---------------------- ##

This file was extended by codes-net config.status 0.4.0, which was
generated by GNU Autoconf 2.69.  Invocation command line was

  CONFIG_FILES    = 
  CONFIG_HEADERS  = 
  CONFIG_LINKS    = 
  CONFIG_COMMANDS = 
  $ ./config.status 

on ip-172-31-14-160

config.status:891: creating Makefile
config.status:891: creating maint/codes-net.pc
config.status:891: creating codes_net_config.h
config.status:1117: linking ../tests/conf to tests/conf
config.status:1136: executing depfiles commands

## ---------------- ##
## Cache variables. ##
## ---------------- ##

ac_cv_build=x86_64-unknown-linux-gnu
ac_cv_c_compiler_gnu=yes
ac_cv_c_const=yes
ac_cv_c_inline=inline
ac_cv_c_int16_t=yes
ac_cv_c_int32_t=yes
ac_cv_c_int64_t=yes
ac_cv_c_int8_t=yes
ac_cv_c_uint16_t=yes
ac_cv_c_uint32_t=yes
ac_cv_c_uint64_t=yes
ac_cv_c_uint8_t=yes
ac_cv_cxx_compiler_gnu=yes
ac_cv_env_CCC_set=
ac_cv_env_CCC_value=
ac_cv_env_CC_set=set
ac_cv_env_CC_value=mpicc
ac_cv_env_CFLAGS_set=
ac_cv_env_CFLAGS_value=
ac_cv_env_CPPFLAGS_set=
ac_cv_env_CPPFLAGS_value=
ac_cv_env_CPP_set=
ac_cv_env_CPP_value=
ac_cv_env_CXXCPP_set=
ac_cv_env_CXXCPP_value=
ac_cv_env_CXXFLAGS_set=
ac_cv_env_CXXFLAGS_value=
ac_cv_env_CXX_set=
ac_cv_env_CXX_value=
ac_cv_env_LDFLAGS_set=
ac_cv_env_LDFLAGS_value=
ac_cv_env_LIBS_set=
ac_cv_env_LIBS_value=
ac_cv_env_build_alias_set=
ac_cv_env_build_alias_value=
ac_cv_env_host_alias_set=
ac_cv_env_host_alias_value=
ac_cv_env_target_alias_set=
ac_cv_env_target_alias_value=
ac_cv_file__home_ubuntu_codes_base_install_lib_pkgconfig_codes_base_pc=yes
ac_cv_func_memset=yes
ac_cv_header_execinfo_h=yes
ac_cv_header_inttypes_h=yes
ac_cv_header_malloc_h=yes
ac_cv_header_memory_h=yes
ac_cv_header_pthread_h=yes
ac_cv_header_stdc=yes
ac_cv_header_stdint_h=yes
ac_cv_header_stdlib_h=yes
ac_cv_header_string_h=yes
ac_cv_header_strings_h=yes
ac_cv_header_sys_stat_h=yes
ac_cv_header_sys_types_h=yes
ac_cv_header_unistd_h=yes
ac_cv_host=x86_64-unknown-linux-gnu
ac_cv_lib_m_sqrt=yes
ac_cv_lib_pthread_pthread_create=yes
ac_cv_objext=o
ac_cv_path_EGREP='/bin/grep -E'
ac_cv_path_GREP=/bin/grep
ac_cv_path_install='/usr/bin/install -c'
ac_cv_path_mkdir=/bin/mkdir
ac_cv_prog_AWK=gawk
ac_cv_prog_CPP='mpicc -std=gnu99 -E'
ac_cv_prog_CXXCPP='g++ -E'
ac_cv_prog_ac_ct_CC=mpicc
ac_cv_prog_ac_ct_CXX=g++
ac_cv_prog_ac_ct_RANLIB=ranlib
ac_cv_prog_cc_c89=
ac_cv_prog_cc_c99=-std=gnu99
ac_cv_prog_cc_g=yes
ac_cv_prog_cxx_g=yes
ac_cv_prog_make_make_set=yes
ac_cv_target=x86_64-unknown-linux-gnu
ac_cv_type_size_t=yes
ac_cv_type_ssize_t=yes
am_cv_CC_dependencies_compiler_type=gcc3
am_cv_CXX_dependencies_compiler_type=gcc3
am_cv_make_support_nested_variables=yes
am_cv_prog_cc_c_o=yes

## ----------------- ##
## Output variables. ##
## ----------------- ##

ACLOCAL='${SHELL} /home/ubuntu/codes-net/missing aclocal-1.14'
AMDEPBACKSLASH='\'
AMDEP_FALSE='#'
AMDEP_TRUE=''
AMTAR='$${TAR-tar}'
AM_BACKSLASH='\'
AM_DEFAULT_V='$(AM_DEFAULT_VERBOSITY)'
AM_DEFAULT_VERBOSITY='0'
AM_V='$(V)'
AUTOCONF='${SHELL} /home/ubuntu/codes-net/missing autoconf'
AUTOHEADER='${SHELL} /home/ubuntu/codes-net/missing autoheader'
AUTOMAKE='${SHELL} /home/ubuntu/codes-net/missing automake-1.14'
AWK='gawk'
CC='mpicc -std=gnu99'
CCDEPMODE='depmode=gcc3'
CFLAGS='-g -O2'
CODES_BASE_CFLAGS='-I/home/ubuntu/codes-base/install/include -I/home/ubuntu/ROSS/install/include  '
CODES_BASE_LIBS='-L/home/ubuntu/codes-base/install/lib -L/home/ubuntu/ROSS/install/lib -lcodes-base -lROSS -lm  '
CPP='mpicc -std=gnu99 -E'
CPPFLAGS=''
CXX='g++'
CXXCPP='g++ -E'
CXXDEPMODE='depmode=gcc3'
CXXFLAGS='-g -O2'
CYGPATH_W='echo'
DEFS='-DHAVE_CONFIG_H'
DEPDIR='.deps'
ECHO_C=''
ECHO_N='-n'
ECHO_T=''
EGREP='/bin/grep -E'
EXEEXT=''
GREP='/bin/grep'
INSTALL_DATA='${INSTALL} -m 644'
INSTALL_PROGRAM='${INSTALL}'
INSTALL_SCRIPT='${INSTALL}'
INSTALL_STRIP_PROGRAM='$(install_sh) -c -s'
LDFLAGS=''
LIBOBJS=''
LIBS='-lm -lpthread '
LTLIBOBJS=''
MAKEINFO='${SHELL} /home/ubuntu/codes-net/missing makeinfo'
MKDIR_P='/bin/mkdir -p'
OBJEXT='o'
PACKAGE='codes-net'
PACKAGE_BUGREPORT='http://trac.mcs.anl.gov/projects/codes/newticket'
PACKAGE_NAME='codes-net'
PACKAGE_STRING='codes-net 0.4.0'
PACKAGE_TARNAME='codes-net'
PACKAGE_URL='http://www.mcs.anl.gov/projects/codes'
PACKAGE_VERSION='0.4.0'
PATH_SEPARATOR=':'
RANLIB='ranlib'
SET_MAKE=''
SHELL='/bin/bash'
STRIP=''
VERSION='0.4.0'
ac_ct_CC='mpicc'
ac_ct_CXX='g++'
am__EXEEXT_FALSE=''
am__EXEEXT_TRUE='#'
am__fastdepCC_FALSE='#'
am__fastdepCC_TRUE=''
am__fastdepCXX_FALSE='#'
am__fastdepCXX_TRUE=''
am__include='include'
am__isrc=' -I$(srcdir)'
am__leading_dot='.'
am__nodep='_no'
am__quote=''
am__tar='$${TAR-tar} chof - "$$tardir"'
am__untar='$${TAR-tar} xf -'
bindir='${exec_prefix}/bin'
build='x86_64-unknown-linux-gnu'
build_alias=''
build_cpu='x86_64'
build_os='linux-gnu'
build_vendor='unknown'
datadir='${datarootdir}'
datarootdir='${prefix}/share'
docdir='${datarootdir}/doc/${PACKAGE_TARNAME}'
dvidir='${docdir}'
exec_prefix='${prefix}'
host='x86_64-unknown-linux-gnu'
host_alias=''
host_cpu='x86_64'
host_os='linux-gnu'
host_vendor='unknown'
htmldir='${docdir}'
includedir='${prefix}/include'
infodir='${datarootdir}/info'
install_sh='${SHELL} /home/ubuntu/codes-net/install-sh'
libdir='${exec_prefix}/lib'
libexecdir='${exec_prefix}/libexec'
localedir='${datarootdir}/locale'
localstatedir='${prefix}/var'
mandir='${datarootdir}/man'
mkdir_p='$(MKDIR_P)'
oldincludedir='/usr/include'
pdfdir='${docdir}'
prefix='/home/ubuntu/codes-net/install'
program_transform_name='s,x,x,'
psdir='${docdir}'
sbindir='${exec_prefix}/sbin'
sharedstatedir='${prefix}/com'
sysconfdir='${prefix}/etc'
target='x86_64-unknown-linux-gnu'
target_alias=''
target_cpu='x86_64'
target_os='linux-gnu'
target_vendor='unknown'

## ----------- ##
## confdefs.h. ##
## ----------- ##

/* confdefs.h */
#define PACKAGE_NAME "codes-net"
#define PACKAGE_TARNAME "codes-net"
#define PACKAGE_VERSION "0.4.0"
#define PACKAGE_STRING "codes-net 0.4.0"
#define PACKAGE_BUGREPORT "http://trac.mcs.anl.gov/projects/codes/newticket"
#define PACKAGE_URL "http://www.mcs.anl.gov/projects/codes"
#define PACKAGE "codes-net"
#define VERSION "0.4.0"
#define STDC_HEADERS 1
#define HAVE_SYS_TYPES_H 1
#define HAVE_SYS_STAT_H 1
#define HAVE_STDLIB_H 1
#define HAVE_STRING_H 1
#define HAVE_MEMORY_H 1
#define HAVE_STRINGS_H 1
#define HAVE_INTTYPES_H 1
#define HAVE_STDINT_H 1
#define HAVE_UNISTD_H 1
#define HAVE_STDLIB_H 1
#define HAVE_STRING_H 1
#define HAVE_UNISTD_H 1
#define HAVE_EXECINFO_H 1
#define HAVE_PTHREAD_H 1
#define HAVE_MALLOC_H 1
#define HAVE_MEMSET 1
#define HAVE_LIBPTHREAD 1
#define HAVE_LIBM 1

configure: exit 0
