This file contains any messages produced by compilers while
running configure, to aid debugging if configure makes a mistake.

It was created by codes-base configure 0.4.0, which was
generated by GNU Autoconf 2.69.  Invocation command line was

  $ ../configure --with-ross=/home/ubuntu/ROSS/install --prefix=/home/ubuntu/codes-base/install CC=mpicc

## --------- ##
## Platform. ##
## --------- ##

hostname = ip-172-31-14-160
uname -m = x86_64
uname -r = 3.13.0-48-generic
uname -s = Linux
uname -v = #80-Ubuntu SMP Thu Mar 12 11:16:15 UTC 2015

/usr/bin/uname -p = unknown
/bin/uname -X     = unknown

/bin/arch              = unknown
/usr/bin/arch -k       = unknown
/usr/convex/getsysinfo = unknown
/usr/bin/hostinfo      = unknown
/bin/machine           = unknown
/usr/bin/oslevel       = unknown
/bin/universe          = unknown

PATH: /usr/local/sbin
PATH: /usr/local/bin
PATH: /usr/sbin
PATH: /usr/bin
PATH: /sbin
PATH: /bin
PATH: /usr/games
PATH: /usr/local/games


## ----------- ##
## Core tests. ##
## ----------- ##

configure:2521: checking build system type
configure:2535: result: x86_64-unknown-linux-gnu
configure:2555: checking host system type
configure:2568: result: x86_64-unknown-linux-gnu
configure:2588: checking target system type
configure:2601: result: x86_64-unknown-linux-gnu
configure:2646: checking for a BSD-compatible install
configure:2714: result: /usr/bin/install -c
configure:2725: checking whether build environment is sane
configure:2780: result: yes
configure:2931: checking for a thread-safe mkdir -p
configure:2970: result: /bin/mkdir -p
configure:2977: checking for gawk
configure:2993: found /usr/bin/gawk
configure:3004: result: gawk
configure:3015: checking whether make sets $(MAKE)
configure:3037: result: yes
configure:3066: checking whether make supports nested variables
configure:3083: result: yes
configure:3220: checking whether make supports nested variables
configure:3237: result: yes
configure:3257: checking for bison
configure:3273: found /usr/bin/bison
configure:3284: result: bison -y
configure:3296: checking for a sed that does not truncate output
configure:3360: result: /bin/sed
configure:3369: checking if bison is the parser generator
configure:3386: result: yes
configure:3437: checking for style of include used by make
configure:3465: result: GNU
configure:3536: checking for gcc
configure:3563: result: mpicc
configure:3792: checking for C compiler version
configure:3801: mpicc --version >&5
cc (Ubuntu 4.8.2-19ubuntu1) 4.8.2
Copyright (C) 2013 Free Software Foundation, Inc.
This is free software; see the source for copying conditions.  There is NO
warranty; not even for MERCHANTABILITY or FITNESS FOR A PARTICULAR PURPOSE.

configure:3812: $? = 0
configure:3801: mpicc -v >&5
mpicc for MPICH version 3.0.4
Using built-in specs.
COLLECT_GCC=cc
COLLECT_LTO_WRAPPER=/usr/lib/gcc/x86_64-linux-gnu/4.8/lto-wrapper
Target: x86_64-linux-gnu
Configured with: ../src/configure -v --with-pkgversion='Ubuntu 4.8.2-19ubuntu1' --with-bugurl=file:///usr/share/doc/gcc-4.8/README.Bugs --enable-languages=c,c++,java,go,d,fortran,objc,obj-c++ --prefix=/usr --program-suffix=-4.8 --enable-shared --enable-linker-build-id --libexecdir=/usr/lib --without-included-gettext --enable-threads=posix --with-gxx-include-dir=/usr/include/c++/4.8 --libdir=/usr/lib --enable-nls --with-sysroot=/ --enable-clocale=gnu --enable-libstdcxx-debug --enable-libstdcxx-time=yes --enable-gnu-unique-object --disable-libmudflap --enable-plugin --with-system-zlib --disable-browser-plugin --enable-java-awt=gtk --enable-gtk-cairo --with-java-home=/usr/lib/jvm/java-1.5.0-gcj-4.8-amd64/jre --enable-java-home --with-jvm-root-dir=/usr/lib/jvm/java-1.5.0-gcj-4.8-amd64 --with-jvm-jar-dir=/usr/lib/jvm-exports/java-1.5.0-gcj-4.8-amd64 --with-arch-directory=amd64 --with-ecj-jar=/usr/share/java/eclipse-ecj.jar --enable-objc-gc --enable-multiarch --disable-werror --with-arch-32=i686 --with-abi=m64 --with-multilib-list=m32,m64,mx32 --with-tune=generic --enable-checking=release --build=x86_64-linux-gnu --host=x86_64-linux-gnu --target=x86_64-linux-gnu
Thread model: posix
gcc version 4.8.2 (Ubuntu 4.8.2-19ubuntu1) 
configure:3812: $? = 0
configure:3801: mpicc -V >&5
cc: error: unrecognized command line option '-V'
configure:3812: $? = 1
configure:3801: mpicc -qversion >&5
cc: error: unrecognized command line option '-qversion'
configure:3812: $? = 1
configure:3832: checking whether the C compiler works
configure:3854: mpicc    conftest.c  >&5
configure:3858: $? = 0
configure:3906: result: yes
configure:3909: checking for C compiler default output file name
configure:3911: result: a.out
configure:3917: checking for suffix of executables
configure:3924: mpicc -o conftest    conftest.c  >&5
configure:3928: $? = 0
configure:3950: result: 
configure:3972: checking whether we are cross compiling
configure:3980: mpicc -o conftest    conftest.c  >&5
configure:3984: $? = 0
configure:3991: ./conftest
configure:3995: $? = 0
configure:4010: result: no
configure:4015: checking for suffix of object files
configure:4037: mpicc -c   conftest.c >&5
configure:4041: $? = 0
configure:4062: result: o
configure:4066: checking whether we are using the GNU C compiler
configure:4085: mpicc -c   conftest.c >&5
configure:4085: $? = 0
configure:4094: result: yes
configure:4103: checking whether mpicc accepts -g
configure:4123: mpicc -c -g  conftest.c >&5
configure:4123: $? = 0
configure:4164: result: yes
configure:4181: checking for mpicc option to accept ISO C89
configure:4244: mpicc  -c -g -O2  conftest.c >&5
configure:4244: $? = 0
configure:4257: result: none needed
configure:4282: checking whether mpicc understands -c and -o together
configure:4304: mpicc -c conftest.c -o conftest2.o
configure:4307: $? = 0
configure:4304: mpicc -c conftest.c -o conftest2.o
configure:4307: $? = 0
configure:4319: result: yes
configure:4338: checking dependency style of mpicc
configure:4449: result: gcc3
configure:4469: checking for flex
configure:4499: result: no
configure:4469: checking for lex
configure:4499: result: no
configure:4628: checking if flex is the lexer generator
configure:4645: result: no
configure:4655: WARNING: Could not find flex
configure:4712: checking for gcc
configure:4739: result: mpicc
configure:4968: checking for C compiler version
configure:4977: mpicc --version >&5
cc (Ubuntu 4.8.2-19ubuntu1) 4.8.2
Copyright (C) 2013 Free Software Foundation, Inc.
This is free software; see the source for copying conditions.  There is NO
warranty; not even for MERCHANTABILITY or FITNESS FOR A PARTICULAR PURPOSE.

configure:4988: $? = 0
configure:4977: mpicc -v >&5
mpicc for MPICH version 3.0.4
Using built-in specs.
COLLECT_GCC=cc
COLLECT_LTO_WRAPPER=/usr/lib/gcc/x86_64-linux-gnu/4.8/lto-wrapper
Target: x86_64-linux-gnu
Configured with: ../src/configure -v --with-pkgversion='Ubuntu 4.8.2-19ubuntu1' --with-bugurl=file:///usr/share/doc/gcc-4.8/README.Bugs --enable-languages=c,c++,java,go,d,fortran,objc,obj-c++ --prefix=/usr --program-suffix=-4.8 --enable-shared --enable-linker-build-id --libexecdir=/usr/lib --without-included-gettext --enable-threads=posix --with-gxx-include-dir=/usr/include/c++/4.8 --libdir=/usr/lib --enable-nls --with-sysroot=/ --enable-clocale=gnu --enable-libstdcxx-debug --enable-libstdcxx-time=yes --enable-gnu-unique-object --disable-libmudflap --enable-plugin --with-system-zlib --disable-browser-plugin --enable-java-awt=gtk --enable-gtk-cairo --with-java-home=/usr/lib/jvm/java-1.5.0-gcj-4.8-amd64/jre --enable-java-home --with-jvm-root-dir=/usr/lib/jvm/java-1.5.0-gcj-4.8-amd64 --with-jvm-jar-dir=/usr/lib/jvm-exports/java-1.5.0-gcj-4.8-amd64 --with-arch-directory=amd64 --with-ecj-jar=/usr/share/java/eclipse-ecj.jar --enable-objc-gc --enable-multiarch --disable-werror --with-arch-32=i686 --with-abi=m64 --with-multilib-list=m32,m64,mx32 --with-tune=generic --enable-checking=release --build=x86_64-linux-gnu --host=x86_64-linux-gnu --target=x86_64-linux-gnu
Thread model: posix
gcc version 4.8.2 (Ubuntu 4.8.2-19ubuntu1) 
configure:4988: $? = 0
configure:4977: mpicc -V >&5
cc: error: unrecognized command line option '-V'
configure:4988: $? = 1
configure:4977: mpicc -qversion >&5
cc: error: unrecognized command line option '-qversion'
configure:4988: $? = 1
configure:4992: checking whether we are using the GNU C compiler
configure:5020: result: yes
configure:5029: checking whether mpicc accepts -g
configure:5090: result: yes
configure:5107: checking for mpicc option to accept ISO C89
configure:5183: result: none needed
configure:5208: checking whether mpicc understands -c and -o together
configure:5245: result: yes
configure:5264: checking dependency style of mpicc
configure:5375: result: gcc3
configure:5449: checking for g++
configure:5465: found /usr/bin/g++
configure:5476: result: g++
configure:5503: checking for C++ compiler version
configure:5512: g++ --version >&5
g++ (Ubuntu 4.8.2-19ubuntu1) 4.8.2
Copyright (C) 2013 Free Software Foundation, Inc.
This is free software; see the source for copying conditions.  There is NO
warranty; not even for MERCHANTABILITY or FITNESS FOR A PARTICULAR PURPOSE.

configure:5523: $? = 0
configure:5512: g++ -v >&5
Using built-in specs.
COLLECT_GCC=g++
COLLECT_LTO_WRAPPER=/usr/lib/gcc/x86_64-linux-gnu/4.8/lto-wrapper
Target: x86_64-linux-gnu
Configured with: ../src/configure -v --with-pkgversion='Ubuntu 4.8.2-19ubuntu1' --with-bugurl=file:///usr/share/doc/gcc-4.8/README.Bugs --enable-languages=c,c++,java,go,d,fortran,objc,obj-c++ --prefix=/usr --program-suffix=-4.8 --enable-shared --enable-linker-build-id --libexecdir=/usr/lib --without-included-gettext --enable-threads=posix --with-gxx-include-dir=/usr/include/c++/4.8 --libdir=/usr/lib --enable-nls --with-sysroot=/ --enable-clocale=gnu --enable-libstdcxx-debug --enable-libstdcxx-time=yes --enable-gnu-unique-object --disable-libmudflap --enable-plugin --with-system-zlib --disable-browser-plugin --enable-java-awt=gtk --enable-gtk-cairo --with-java-home=/usr/lib/jvm/java-1.5.0-gcj-4.8-amd64/jre --enable-java-home --with-jvm-root-dir=/usr/lib/jvm/java-1.5.0-gcj-4.8-amd64 --with-jvm-jar-dir=/usr/lib/jvm-exports/java-1.5.0-gcj-4.8-amd64 --with-arch-directory=amd64 --with-ecj-jar=/usr/share/java/eclipse-ecj.jar --enable-objc-gc --enable-multiarch --disable-werror --with-arch-32=i686 --with-abi=m64 --with-multilib-list=m32,m64,mx32 --with-tune=generic --enable-checking=release --build=x86_64-linux-gnu --host=x86_64-linux-gnu --target=x86_64-linux-gnu
Thread model: posix
gcc version 4.8.2 (Ubuntu 4.8.2-19ubuntu1) 
configure:5523: $? = 0
configure:5512: g++ -V >&5
g++: error: unrecognized command line option '-V'
g++: fatal error: no input files
compilation terminated.
configure:5523: $? = 4
configure:5512: g++ -qversion >&5
g++: error: unrecognized command line option '-qversion'
g++: fatal error: no input files
compilation terminated.
configure:5523: $? = 4
configure:5527: checking whether we are using the GNU C++ compiler
configure:5546: g++ -c   conftest.cpp >&5
configure:5546: $? = 0
configure:5555: result: yes
configure:5564: checking whether g++ accepts -g
configure:5584: g++ -c -g  conftest.cpp >&5
configure:5584: $? = 0
configure:5625: result: yes
configure:5650: checking dependency style of g++
configure:5761: result: gcc3
configure:5781: checking how to run the C++ preprocessor
configure:5808: g++ -E  conftest.cpp
configure:5808: $? = 0
configure:5822: g++ -E  conftest.cpp
conftest.cpp:13:28: fatal error: ac_nonexistent.h: No such file or directory
 #include <ac_nonexistent.h>
                            ^
compilation terminated.
configure:5822: $? = 1
configure: failed program was:
| /* confdefs.h */
| #define PACKAGE_NAME "codes-base"
| #define PACKAGE_TARNAME "codes-base"
| #define PACKAGE_VERSION "0.4.0"
| #define PACKAGE_STRING "codes-base 0.4.0"
| #define PACKAGE_BUGREPORT "http://trac.mcs.anl.gov/projects/codes/newticket"
| #define PACKAGE_URL "http://www.mcs.anl.gov/projects/codes/"
| #define PACKAGE "codes-base"
| #define VERSION "0.4.0"
| #define HAVE_YACC_OLD_PUSH 0
| #define HAVE_YACC_OLD_PURE 0
| /* end confdefs.h.  */
| #include <ac_nonexistent.h>
configure:5847: result: g++ -E
configure:5867: g++ -E  conftest.cpp
configure:5867: $? = 0
configure:5881: g++ -E  conftest.cpp
conftest.cpp:13:28: fatal error: ac_nonexistent.h: No such file or directory
 #include <ac_nonexistent.h>
                            ^
compilation terminated.
configure:5881: $? = 1
configure: failed program was:
| /* confdefs.h */
| #define PACKAGE_NAME "codes-base"
| #define PACKAGE_TARNAME "codes-base"
| #define PACKAGE_VERSION "0.4.0"
| #define PACKAGE_STRING "codes-base 0.4.0"
| #define PACKAGE_BUGREPORT "http://trac.mcs.anl.gov/projects/codes/newticket"
| #define PACKAGE_URL "http://www.mcs.anl.gov/projects/codes/"
| #define PACKAGE "codes-base"
| #define VERSION "0.4.0"
| #define HAVE_YACC_OLD_PUSH 0
| #define HAVE_YACC_OLD_PURE 0
| /* end confdefs.h.  */
| #include <ac_nonexistent.h>
configure:5952: checking for ranlib
configure:5968: found /usr/bin/ranlib
configure:5979: result: ranlib
configure:6003: checking for mpicc option to accept ISO C99
configure:6152: mpicc  -c -g -O2  conftest.c >&5
conftest.c:63:29: error: expected ';', ',' or ')' before 'text'
 test_restrict (ccp restrict text)
                             ^
conftest.c: In function 'main':
conftest.c:117:18: error: expected '=', ',', ';', 'asm' or '__attribute__' before 'newvar'
   char *restrict newvar = "Another string";
                  ^
conftest.c:117:18: error: 'newvar' undeclared (first use in this function)
conftest.c:117:18: note: each undeclared identifier is reported only once for each function it appears in
conftest.c:127:3: error: 'for' loop initial declarations are only allowed in C99 mode
   for (int i = 0; i < ia->datasize; ++i)
   ^
conftest.c:127:3: note: use option -std=c99 or -std=gnu99 to compile your code
configure:6152: $? = 1
configure: failed program was:
| /* confdefs.h */
| #define PACKAGE_NAME "codes-base"
| #define PACKAGE_TARNAME "codes-base"
| #define PACKAGE_VERSION "0.4.0"
| #define PACKAGE_STRING "codes-base 0.4.0"
| #define PACKAGE_BUGREPORT "http://trac.mcs.anl.gov/projects/codes/newticket"
| #define PACKAGE_URL "http://www.mcs.anl.gov/projects/codes/"
| #define PACKAGE "codes-base"
| #define VERSION "0.4.0"
| #define HAVE_YACC_OLD_PUSH 0
| #define HAVE_YACC_OLD_PURE 0
| /* end confdefs.h.  */
| #include <stdarg.h>
| #include <stdbool.h>
| #include <stdlib.h>
| #include <wchar.h>
| #include <stdio.h>
| 
| // Check varargs macros.  These examples are taken from C99 6.10.3.5.
| #define debug(...) fprintf (stderr, __VA_ARGS__)
| #define showlist(...) puts (#__VA_ARGS__)
| #define report(test,...) ((test) ? puts (#test) : printf (__VA_ARGS__))
| static void
| test_varargs_macros (void)
| {
|   int x = 1234;
|   int y = 5678;
|   debug ("Flag");
|   debug ("X = %d\n", x);
|   showlist (The first, second, and third items.);
|   report (x>y, "x is %d but y is %d", x, y);
| }
| 
| // Check long long types.
| #define BIG64 18446744073709551615ull
| #define BIG32 4294967295ul
| #define BIG_OK (BIG64 / BIG32 == 4294967297ull && BIG64 % BIG32 == 0)
| #if !BIG_OK
|   your preprocessor is broken;
| #endif
| #if BIG_OK
| #else
|   your preprocessor is broken;
| #endif
| static long long int bignum = -9223372036854775807LL;
| static unsigned long long int ubignum = BIG64;
| 
| struct incomplete_array
| {
|   int datasize;
|   double data[];
| };
| 
| struct named_init {
|   int number;
|   const wchar_t *name;
|   double average;
| };
| 
| typedef const char *ccp;
| 
| static inline int
| test_restrict (ccp restrict text)
| {
|   // See if C++-style comments work.
|   // Iterate through items via the restricted pointer.
|   // Also check for declarations in for loops.
|   for (unsigned int i = 0; *(text+i) != '\0'; ++i)
|     continue;
|   return 0;
| }
| 
| // Check varargs and va_copy.
| static void
| test_varargs (const char *format, ...)
| {
|   va_list args;
|   va_start (args, format);
|   va_list args_copy;
|   va_copy (args_copy, args);
| 
|   const char *str;
|   int number;
|   float fnumber;
| 
|   while (*format)
|     {
|       switch (*format++)
| 	{
| 	case 's': // string
| 	  str = va_arg (args_copy, const char *);
| 	  break;
| 	case 'd': // int
| 	  number = va_arg (args_copy, int);
| 	  break;
| 	case 'f': // float
| 	  fnumber = va_arg (args_copy, double);
| 	  break;
| 	default:
| 	  break;
| 	}
|     }
|   va_end (args_copy);
|   va_end (args);
| }
| 
| int
| main ()
| {
| 
|   // Check bool.
|   _Bool success = false;
| 
|   // Check restrict.
|   if (test_restrict ("String literal") == 0)
|     success = true;
|   char *restrict newvar = "Another string";
| 
|   // Check varargs.
|   test_varargs ("s, d' f .", "string", 65, 34.234);
|   test_varargs_macros ();
| 
|   // Check flexible array members.
|   struct incomplete_array *ia =
|     malloc (sizeof (struct incomplete_array) + (sizeof (double) * 10));
|   ia->datasize = 10;
|   for (int i = 0; i < ia->datasize; ++i)
|     ia->data[i] = i * 1.234;
| 
|   // Check named initializers.
|   struct named_init ni = {
|     .number = 34,
|     .name = L"Test wide string",
|     .average = 543.34343,
|   };
| 
|   ni.number = 58;
| 
|   int dynamic_array[ni.number];
|   dynamic_array[ni.number - 1] = 543;
| 
|   // work around unused variable warnings
|   return (!success || bignum == 0LL || ubignum == 0uLL || newvar[0] == 'x'
| 	  || dynamic_array[ni.number - 1] != 543);
| 
|   ;
|   return 0;
| }
configure:6152: mpicc -std=gnu99 -c -g -O2  conftest.c >&5
configure:6152: $? = 0
configure:6172: result: -std=gnu99
configure:6186: checking how to run the C preprocessor
configure:6217: mpicc -std=gnu99 -E  conftest.c
configure:6217: $? = 0
configure:6231: mpicc -std=gnu99 -E  conftest.c
conftest.c:13:28: fatal error: ac_nonexistent.h: No such file or directory
 #include <ac_nonexistent.h>
                            ^
compilation terminated.
configure:6231: $? = 1
configure: failed program was:
| /* confdefs.h */
| #define PACKAGE_NAME "codes-base"
| #define PACKAGE_TARNAME "codes-base"
| #define PACKAGE_VERSION "0.4.0"
| #define PACKAGE_STRING "codes-base 0.4.0"
| #define PACKAGE_BUGREPORT "http://trac.mcs.anl.gov/projects/codes/newticket"
| #define PACKAGE_URL "http://www.mcs.anl.gov/projects/codes/"
| #define PACKAGE "codes-base"
| #define VERSION "0.4.0"
| #define HAVE_YACC_OLD_PUSH 0
| #define HAVE_YACC_OLD_PURE 0
| /* end confdefs.h.  */
| #include <ac_nonexistent.h>
configure:6256: result: mpicc -std=gnu99 -E
configure:6276: mpicc -std=gnu99 -E  conftest.c
configure:6276: $? = 0
configure:6290: mpicc -std=gnu99 -E  conftest.c
conftest.c:13:28: fatal error: ac_nonexistent.h: No such file or directory
 #include <ac_nonexistent.h>
                            ^
compilation terminated.
configure:6290: $? = 1
configure: failed program was:
| /* confdefs.h */
| #define PACKAGE_NAME "codes-base"
| #define PACKAGE_TARNAME "codes-base"
| #define PACKAGE_VERSION "0.4.0"
| #define PACKAGE_STRING "codes-base 0.4.0"
| #define PACKAGE_BUGREPORT "http://trac.mcs.anl.gov/projects/codes/newticket"
| #define PACKAGE_URL "http://www.mcs.anl.gov/projects/codes/"
| #define PACKAGE "codes-base"
| #define VERSION "0.4.0"
| #define HAVE_YACC_OLD_PUSH 0
| #define HAVE_YACC_OLD_PURE 0
| /* end confdefs.h.  */
| #include <ac_nonexistent.h>
configure:6322: checking for grep that handles long lines and -e
configure:6380: result: /bin/grep
configure:6385: checking for egrep
configure:6447: result: /bin/grep -E
configure:6452: checking for ANSI C header files
configure:6472: mpicc -std=gnu99 -c -g -O2  conftest.c >&5
configure:6472: $? = 0
configure:6545: mpicc -std=gnu99 -o conftest -g -O2   conftest.c  >&5
configure:6545: $? = 0
configure:6545: ./conftest
configure:6545: $? = 0
configure:6556: result: yes
configure:6569: checking for sys/types.h
configure:6569: mpicc -std=gnu99 -c -g -O2  conftest.c >&5
configure:6569: $? = 0
configure:6569: result: yes
configure:6569: checking for sys/stat.h
configure:6569: mpicc -std=gnu99 -c -g -O2  conftest.c >&5
configure:6569: $? = 0
configure:6569: result: yes
configure:6569: checking for stdlib.h
configure:6569: mpicc -std=gnu99 -c -g -O2  conftest.c >&5
configure:6569: $? = 0
configure:6569: result: yes
configure:6569: checking for string.h
configure:6569: mpicc -std=gnu99 -c -g -O2  conftest.c >&5
configure:6569: $? = 0
configure:6569: result: yes
configure:6569: checking for memory.h
configure:6569: mpicc -std=gnu99 -c -g -O2  conftest.c >&5
configure:6569: $? = 0
configure:6569: result: yes
configure:6569: checking for strings.h
configure:6569: mpicc -std=gnu99 -c -g -O2  conftest.c >&5
configure:6569: $? = 0
configure:6569: result: yes
configure:6569: checking for inttypes.h
configure:6569: mpicc -std=gnu99 -c -g -O2  conftest.c >&5
configure:6569: $? = 0
configure:6569: result: yes
configure:6569: checking for stdint.h
configure:6569: mpicc -std=gnu99 -c -g -O2  conftest.c >&5
configure:6569: $? = 0
configure:6569: result: yes
configure:6569: checking for unistd.h
configure:6569: mpicc -std=gnu99 -c -g -O2  conftest.c >&5
configure:6569: $? = 0
configure:6569: result: yes
configure:6584: checking for stdlib.h
configure:6584: result: yes
configure:6584: checking for string.h
configure:6584: result: yes
configure:6584: checking for unistd.h
configure:6584: result: yes
configure:6584: checking execinfo.h usability
configure:6584: mpicc -std=gnu99 -c -g -O2  conftest.c >&5
configure:6584: $? = 0
configure:6584: result: yes
configure:6584: checking execinfo.h presence
configure:6584: mpicc -std=gnu99 -E  conftest.c
configure:6584: $? = 0
configure:6584: result: yes
configure:6584: checking for execinfo.h
configure:6584: result: yes
configure:6584: checking pthread.h usability
configure:6584: mpicc -std=gnu99 -c -g -O2  conftest.c >&5
configure:6584: $? = 0
configure:6584: result: yes
configure:6584: checking pthread.h presence
configure:6584: mpicc -std=gnu99 -E  conftest.c
configure:6584: $? = 0
configure:6584: result: yes
configure:6584: checking for pthread.h
configure:6584: result: yes
configure:6584: checking malloc.h usability
configure:6584: mpicc -std=gnu99 -c -g -O2  conftest.c >&5
configure:6584: $? = 0
configure:6584: result: yes
configure:6584: checking malloc.h presence
configure:6584: mpicc -std=gnu99 -E  conftest.c
configure:6584: $? = 0
configure:6584: result: yes
configure:6584: checking for malloc.h
configure:6584: result: yes
configure:6596: checking for an ANSI C-conforming const
configure:6662: mpicc -std=gnu99 -c -g -O2  conftest.c >&5
configure:6662: $? = 0
configure:6669: result: yes
configure:6677: checking for inline
configure:6693: mpicc -std=gnu99 -c -g -O2  conftest.c >&5
configure:6693: $? = 0
configure:6701: result: inline
configure:6719: checking for int8_t
configure:6719: mpicc -std=gnu99 -c -g -O2  conftest.c >&5
configure:6719: $? = 0
configure:6719: mpicc -std=gnu99 -c -g -O2  conftest.c >&5
conftest.c: In function 'main':
conftest.c:66:12: error: size of array 'test_array' is negative
 static int test_array [1 - 2 * !((int8_t) (((((int8_t) 1 << N) << N) - 1) * 2 + 1)
            ^
configure:6719: $? = 1
configure: failed program was:
| /* confdefs.h */
| #define PACKAGE_NAME "codes-base"
| #define PACKAGE_TARNAME "codes-base"
| #define PACKAGE_VERSION "0.4.0"
| #define PACKAGE_STRING "codes-base 0.4.0"
| #define PACKAGE_BUGREPORT "http://trac.mcs.anl.gov/projects/codes/newticket"
| #define PACKAGE_URL "http://www.mcs.anl.gov/projects/codes/"
| #define PACKAGE "codes-base"
| #define VERSION "0.4.0"
| #define HAVE_YACC_OLD_PUSH 0
| #define HAVE_YACC_OLD_PURE 0
| #define STDC_HEADERS 1
| #define HAVE_SYS_TYPES_H 1
| #define HAVE_SYS_STAT_H 1
| #define HAVE_STDLIB_H 1
| #define HAVE_STRING_H 1
| #define HAVE_MEMORY_H 1
| #define HAVE_STRINGS_H 1
| #define HAVE_INTTYPES_H 1
| #define HAVE_STDINT_H 1
| #define HAVE_UNISTD_H 1
| #define HAVE_STDLIB_H 1
| #define HAVE_STRING_H 1
| #define HAVE_UNISTD_H 1
| #define HAVE_EXECINFO_H 1
| #define HAVE_PTHREAD_H 1
| #define HAVE_MALLOC_H 1
| /* end confdefs.h.  */
| #include <stdio.h>
| #ifdef HAVE_SYS_TYPES_H
| # include <sys/types.h>
| #endif
| #ifdef HAVE_SYS_STAT_H
| # include <sys/stat.h>
| #endif
| #ifdef STDC_HEADERS
| # include <stdlib.h>
| # include <stddef.h>
| #else
| # ifdef HAVE_STDLIB_H
| #  include <stdlib.h>
| # endif
| #endif
| #ifdef HAVE_STRING_H
| # if !defined STDC_HEADERS && defined HAVE_MEMORY_H
| #  include <memory.h>
| # endif
| # include <string.h>
| #endif
| #ifdef HAVE_STRINGS_H
| # include <strings.h>
| #endif
| #ifdef HAVE_INTTYPES_H
| # include <inttypes.h>
| #endif
| #ifdef HAVE_STDINT_H
| # include <stdint.h>
| #endif
| #ifdef HAVE_UNISTD_H
| # include <unistd.h>
| #endif
| 	        enum { N = 8 / 2 - 1 };
| int
| main ()
| {
| static int test_array [1 - 2 * !((int8_t) (((((int8_t) 1 << N) << N) - 1) * 2 + 1)
| 		 < (int8_t) (((((int8_t) 1 << N) << N) - 1) * 2 + 2))];
| test_array [0] = 0;
| return test_array [0];
| 
|   ;
|   return 0;
| }
configure:6719: result: yes
configure:6730: checking for int16_t
configure:6730: mpicc -std=gnu99 -c -g -O2  conftest.c >&5
configure:6730: $? = 0
configure:6730: mpicc -std=gnu99 -c -g -O2  conftest.c >&5
conftest.c: In function 'main':
conftest.c:66:12: error: size of array 'test_array' is negative
 static int test_array [1 - 2 * !((int16_t) (((((int16_t) 1 << N) << N) - 1) * 2 + 1)
            ^
configure:6730: $? = 1
configure: failed program was:
| /* confdefs.h */
| #define PACKAGE_NAME "codes-base"
| #define PACKAGE_TARNAME "codes-base"
| #define PACKAGE_VERSION "0.4.0"
| #define PACKAGE_STRING "codes-base 0.4.0"
| #define PACKAGE_BUGREPORT "http://trac.mcs.anl.gov/projects/codes/newticket"
| #define PACKAGE_URL "http://www.mcs.anl.gov/projects/codes/"
| #define PACKAGE "codes-base"
| #define VERSION "0.4.0"
| #define HAVE_YACC_OLD_PUSH 0
| #define HAVE_YACC_OLD_PURE 0
| #define STDC_HEADERS 1
| #define HAVE_SYS_TYPES_H 1
| #define HAVE_SYS_STAT_H 1
| #define HAVE_STDLIB_H 1
| #define HAVE_STRING_H 1
| #define HAVE_MEMORY_H 1
| #define HAVE_STRINGS_H 1
| #define HAVE_INTTYPES_H 1
| #define HAVE_STDINT_H 1
| #define HAVE_UNISTD_H 1
| #define HAVE_STDLIB_H 1
| #define HAVE_STRING_H 1
| #define HAVE_UNISTD_H 1
| #define HAVE_EXECINFO_H 1
| #define HAVE_PTHREAD_H 1
| #define HAVE_MALLOC_H 1
| /* end confdefs.h.  */
| #include <stdio.h>
| #ifdef HAVE_SYS_TYPES_H
| # include <sys/types.h>
| #endif
| #ifdef HAVE_SYS_STAT_H
| # include <sys/stat.h>
| #endif
| #ifdef STDC_HEADERS
| # include <stdlib.h>
| # include <stddef.h>
| #else
| # ifdef HAVE_STDLIB_H
| #  include <stdlib.h>
| # endif
| #endif
| #ifdef HAVE_STRING_H
| # if !defined STDC_HEADERS && defined HAVE_MEMORY_H
| #  include <memory.h>
| # endif
| # include <string.h>
| #endif
| #ifdef HAVE_STRINGS_H
| # include <strings.h>
| #endif
| #ifdef HAVE_INTTYPES_H
| # include <inttypes.h>
| #endif
| #ifdef HAVE_STDINT_H
| # include <stdint.h>
| #endif
| #ifdef HAVE_UNISTD_H
| # include <unistd.h>
| #endif
| 	        enum { N = 16 / 2 - 1 };
| int
| main ()
| {
| static int test_array [1 - 2 * !((int16_t) (((((int16_t) 1 << N) << N) - 1) * 2 + 1)
| 		 < (int16_t) (((((int16_t) 1 << N) << N) - 1) * 2 + 2))];
| test_array [0] = 0;
| return test_array [0];
| 
|   ;
|   return 0;
| }
configure:6730: result: yes
configure:6741: checking for int32_t
configure:6741: mpicc -std=gnu99 -c -g -O2  conftest.c >&5
configure:6741: $? = 0
configure:6741: mpicc -std=gnu99 -c -g -O2  conftest.c >&5
conftest.c: In function 'main':
conftest.c:67:53: warning: integer overflow in expression [-Woverflow]
    < (int32_t) (((((int32_t) 1 << N) << N) - 1) * 2 + 2))];
                                                     ^
conftest.c:66:12: error: storage size of 'test_array' isn't constant
 static int test_array [1 - 2 * !((int32_t) (((((int32_t) 1 << N) << N) - 1) * 2 + 1)
            ^
configure:6741: $? = 1
configure: failed program was:
| /* confdefs.h */
| #define PACKAGE_NAME "codes-base"
| #define PACKAGE_TARNAME "codes-base"
| #define PACKAGE_VERSION "0.4.0"
| #define PACKAGE_STRING "codes-base 0.4.0"
| #define PACKAGE_BUGREPORT "http://trac.mcs.anl.gov/projects/codes/newticket"
| #define PACKAGE_URL "http://www.mcs.anl.gov/projects/codes/"
| #define PACKAGE "codes-base"
| #define VERSION "0.4.0"
| #define HAVE_YACC_OLD_PUSH 0
| #define HAVE_YACC_OLD_PURE 0
| #define STDC_HEADERS 1
| #define HAVE_SYS_TYPES_H 1
| #define HAVE_SYS_STAT_H 1
| #define HAVE_STDLIB_H 1
| #define HAVE_STRING_H 1
| #define HAVE_MEMORY_H 1
| #define HAVE_STRINGS_H 1
| #define HAVE_INTTYPES_H 1
| #define HAVE_STDINT_H 1
| #define HAVE_UNISTD_H 1
| #define HAVE_STDLIB_H 1
| #define HAVE_STRING_H 1
| #define HAVE_UNISTD_H 1
| #define HAVE_EXECINFO_H 1
| #define HAVE_PTHREAD_H 1
| #define HAVE_MALLOC_H 1
| /* end confdefs.h.  */
| #include <stdio.h>
| #ifdef HAVE_SYS_TYPES_H
| # include <sys/types.h>
| #endif
| #ifdef HAVE_SYS_STAT_H
| # include <sys/stat.h>
| #endif
| #ifdef STDC_HEADERS
| # include <stdlib.h>
| # include <stddef.h>
| #else
| # ifdef HAVE_STDLIB_H
| #  include <stdlib.h>
| # endif
| #endif
| #ifdef HAVE_STRING_H
| # if !defined STDC_HEADERS && defined HAVE_MEMORY_H
| #  include <memory.h>
| # endif
| # include <string.h>
| #endif
| #ifdef HAVE_STRINGS_H
| # include <strings.h>
| #endif
| #ifdef HAVE_INTTYPES_H
| # include <inttypes.h>
| #endif
| #ifdef HAVE_STDINT_H
| # include <stdint.h>
| #endif
| #ifdef HAVE_UNISTD_H
| # include <unistd.h>
| #endif
| 	        enum { N = 32 / 2 - 1 };
| int
| main ()
| {
| static int test_array [1 - 2 * !((int32_t) (((((int32_t) 1 << N) << N) - 1) * 2 + 1)
| 		 < (int32_t) (((((int32_t) 1 << N) << N) - 1) * 2 + 2))];
| test_array [0] = 0;
| return test_array [0];
| 
|   ;
|   return 0;
| }
configure:6741: result: yes
configure:6752: checking for int64_t
configure:6752: mpicc -std=gnu99 -c -g -O2  conftest.c >&5
configure:6752: $? = 0
configure:6752: mpicc -std=gnu99 -c -g -O2  conftest.c >&5
conftest.c: In function 'main':
conftest.c:67:53: warning: integer overflow in expression [-Woverflow]
    < (int64_t) (((((int64_t) 1 << N) << N) - 1) * 2 + 2))];
                                                     ^
conftest.c:66:12: error: storage size of 'test_array' isn't constant
 static int test_array [1 - 2 * !((int64_t) (((((int64_t) 1 << N) << N) - 1) * 2 + 1)
            ^
configure:6752: $? = 1
configure: failed program was:
| /* confdefs.h */
| #define PACKAGE_NAME "codes-base"
| #define PACKAGE_TARNAME "codes-base"
| #define PACKAGE_VERSION "0.4.0"
| #define PACKAGE_STRING "codes-base 0.4.0"
| #define PACKAGE_BUGREPORT "http://trac.mcs.anl.gov/projects/codes/newticket"
| #define PACKAGE_URL "http://www.mcs.anl.gov/projects/codes/"
| #define PACKAGE "codes-base"
| #define VERSION "0.4.0"
| #define HAVE_YACC_OLD_PUSH 0
| #define HAVE_YACC_OLD_PURE 0
| #define STDC_HEADERS 1
| #define HAVE_SYS_TYPES_H 1
| #define HAVE_SYS_STAT_H 1
| #define HAVE_STDLIB_H 1
| #define HAVE_STRING_H 1
| #define HAVE_MEMORY_H 1
| #define HAVE_STRINGS_H 1
| #define HAVE_INTTYPES_H 1
| #define HAVE_STDINT_H 1
| #define HAVE_UNISTD_H 1
| #define HAVE_STDLIB_H 1
| #define HAVE_STRING_H 1
| #define HAVE_UNISTD_H 1
| #define HAVE_EXECINFO_H 1
| #define HAVE_PTHREAD_H 1
| #define HAVE_MALLOC_H 1
| /* end confdefs.h.  */
| #include <stdio.h>
| #ifdef HAVE_SYS_TYPES_H
| # include <sys/types.h>
| #endif
| #ifdef HAVE_SYS_STAT_H
| # include <sys/stat.h>
| #endif
| #ifdef STDC_HEADERS
| # include <stdlib.h>
| # include <stddef.h>
| #else
| # ifdef HAVE_STDLIB_H
| #  include <stdlib.h>
| # endif
| #endif
| #ifdef HAVE_STRING_H
| # if !defined STDC_HEADERS && defined HAVE_MEMORY_H
| #  include <memory.h>
| # endif
| # include <string.h>
| #endif
| #ifdef HAVE_STRINGS_H
| # include <strings.h>
| #endif
| #ifdef HAVE_INTTYPES_H
| # include <inttypes.h>
| #endif
| #ifdef HAVE_STDINT_H
| # include <stdint.h>
| #endif
| #ifdef HAVE_UNISTD_H
| # include <unistd.h>
| #endif
| 	        enum { N = 64 / 2 - 1 };
| int
| main ()
| {
| static int test_array [1 - 2 * !((int64_t) (((((int64_t) 1 << N) << N) - 1) * 2 + 1)
| 		 < (int64_t) (((((int64_t) 1 << N) << N) - 1) * 2 + 2))];
| test_array [0] = 0;
| return test_array [0];
| 
|   ;
|   return 0;
| }
configure:6752: result: yes
configure:6763: checking for uint8_t
configure:6763: mpicc -std=gnu99 -c -g -O2  conftest.c >&5
configure:6763: $? = 0
configure:6763: result: yes
configure:6777: checking for uint16_t
configure:6777: mpicc -std=gnu99 -c -g -O2  conftest.c >&5
configure:6777: $? = 0
configure:6777: result: yes
configure:6789: checking for uint32_t
configure:6789: mpicc -std=gnu99 -c -g -O2  conftest.c >&5
configure:6789: $? = 0
configure:6789: result: yes
configure:6803: checking for uint64_t
configure:6803: mpicc -std=gnu99 -c -g -O2  conftest.c >&5
configure:6803: $? = 0
configure:6803: result: yes
configure:6817: checking for size_t
configure:6817: mpicc -std=gnu99 -c -g -O2  conftest.c >&5
configure:6817: $? = 0
configure:6817: mpicc -std=gnu99 -c -g -O2  conftest.c >&5
conftest.c: In function 'main':
conftest.c:65:21: error: expected expression before ')' token
 if (sizeof ((size_t)))
                     ^
configure:6817: $? = 1
configure: failed program was:
| /* confdefs.h */
| #define PACKAGE_NAME "codes-base"
| #define PACKAGE_TARNAME "codes-base"
| #define PACKAGE_VERSION "0.4.0"
| #define PACKAGE_STRING "codes-base 0.4.0"
| #define PACKAGE_BUGREPORT "http://trac.mcs.anl.gov/projects/codes/newticket"
| #define PACKAGE_URL "http://www.mcs.anl.gov/projects/codes/"
| #define PACKAGE "codes-base"
| #define VERSION "0.4.0"
| #define HAVE_YACC_OLD_PUSH 0
| #define HAVE_YACC_OLD_PURE 0
| #define STDC_HEADERS 1
| #define HAVE_SYS_TYPES_H 1
| #define HAVE_SYS_STAT_H 1
| #define HAVE_STDLIB_H 1
| #define HAVE_STRING_H 1
| #define HAVE_MEMORY_H 1
| #define HAVE_STRINGS_H 1
| #define HAVE_INTTYPES_H 1
| #define HAVE_STDINT_H 1
| #define HAVE_UNISTD_H 1
| #define HAVE_STDLIB_H 1
| #define HAVE_STRING_H 1
| #define HAVE_UNISTD_H 1
| #define HAVE_EXECINFO_H 1
| #define HAVE_PTHREAD_H 1
| #define HAVE_MALLOC_H 1
| /* end confdefs.h.  */
| #include <stdio.h>
| #ifdef HAVE_SYS_TYPES_H
| # include <sys/types.h>
| #endif
| #ifdef HAVE_SYS_STAT_H
| # include <sys/stat.h>
| #endif
| #ifdef STDC_HEADERS
| # include <stdlib.h>
| # include <stddef.h>
| #else
| # ifdef HAVE_STDLIB_H
| #  include <stdlib.h>
| # endif
| #endif
| #ifdef HAVE_STRING_H
| # if !defined STDC_HEADERS && defined HAVE_MEMORY_H
| #  include <memory.h>
| # endif
| # include <string.h>
| #endif
| #ifdef HAVE_STRINGS_H
| # include <strings.h>
| #endif
| #ifdef HAVE_INTTYPES_H
| # include <inttypes.h>
| #endif
| #ifdef HAVE_STDINT_H
| # include <stdint.h>
| #endif
| #ifdef HAVE_UNISTD_H
| # include <unistd.h>
| #endif
| int
| main ()
| {
| if (sizeof ((size_t)))
| 	    return 0;
|   ;
|   return 0;
| }
configure:6817: result: yes
configure:6828: checking for ssize_t
configure:6828: mpicc -std=gnu99 -c -g -O2  conftest.c >&5
configure:6828: $? = 0
configure:6828: mpicc -std=gnu99 -c -g -O2  conftest.c >&5
conftest.c: In function 'main':
conftest.c:65:22: error: expected expression before ')' token
 if (sizeof ((ssize_t)))
                      ^
configure:6828: $? = 1
configure: failed program was:
| /* confdefs.h */
| #define PACKAGE_NAME "codes-base"
| #define PACKAGE_TARNAME "codes-base"
| #define PACKAGE_VERSION "0.4.0"
| #define PACKAGE_STRING "codes-base 0.4.0"
| #define PACKAGE_BUGREPORT "http://trac.mcs.anl.gov/projects/codes/newticket"
| #define PACKAGE_URL "http://www.mcs.anl.gov/projects/codes/"
| #define PACKAGE "codes-base"
| #define VERSION "0.4.0"
| #define HAVE_YACC_OLD_PUSH 0
| #define HAVE_YACC_OLD_PURE 0
| #define STDC_HEADERS 1
| #define HAVE_SYS_TYPES_H 1
| #define HAVE_SYS_STAT_H 1
| #define HAVE_STDLIB_H 1
| #define HAVE_STRING_H 1
| #define HAVE_MEMORY_H 1
| #define HAVE_STRINGS_H 1
| #define HAVE_INTTYPES_H 1
| #define HAVE_STDINT_H 1
| #define HAVE_UNISTD_H 1
| #define HAVE_STDLIB_H 1
| #define HAVE_STRING_H 1
| #define HAVE_UNISTD_H 1
| #define HAVE_EXECINFO_H 1
| #define HAVE_PTHREAD_H 1
| #define HAVE_MALLOC_H 1
| /* end confdefs.h.  */
| #include <stdio.h>
| #ifdef HAVE_SYS_TYPES_H
| # include <sys/types.h>
| #endif
| #ifdef HAVE_SYS_STAT_H
| # include <sys/stat.h>
| #endif
| #ifdef STDC_HEADERS
| # include <stdlib.h>
| # include <stddef.h>
| #else
| # ifdef HAVE_STDLIB_H
| #  include <stdlib.h>
| # endif
| #endif
| #ifdef HAVE_STRING_H
| # if !defined STDC_HEADERS && defined HAVE_MEMORY_H
| #  include <memory.h>
| # endif
| # include <string.h>
| #endif
| #ifdef HAVE_STRINGS_H
| # include <strings.h>
| #endif
| #ifdef HAVE_INTTYPES_H
| # include <inttypes.h>
| #endif
| #ifdef HAVE_STDINT_H
| # include <stdint.h>
| #endif
| #ifdef HAVE_UNISTD_H
| # include <unistd.h>
| #endif
| int
| main ()
| {
| if (sizeof ((ssize_t)))
| 	    return 0;
|   ;
|   return 0;
| }
configure:6828: result: yes
configure:6843: checking for memset
configure:6843: mpicc -std=gnu99 -o conftest -g -O2   conftest.c  >&5
conftest.c:52:6: warning: conflicting types for built-in function 'memset' [enabled by default]
 char memset ();
      ^
configure:6843: $? = 0
configure:6843: result: yes
configure:6852: checking for pthread_create in -lpthread
configure:6877: mpicc -std=gnu99 -o conftest -g -O2   conftest.c -lpthread   >&5
configure:6877: $? = 0
configure:6886: result: yes
configure:6899: checking for sqrt in -lm
configure:6924: mpicc -std=gnu99 -o conftest -g -O2   conftest.c -lm  -lpthread  >&5
conftest.c:38:6: warning: conflicting types for built-in function 'sqrt' [enabled by default]
 char sqrt ();
      ^
configure:6924: $? = 0
configure:6933: result: yes
configure:6952: checking if bison is the parser generator
configure:6969: result: yes
configure:6992: checking if bison -y supports pure / reentrant paser features
configure:6998: result: old-style
configure:7055: checking if bison -y supports push parser features
configure:7061: result: old-style
configure:7118: checking whether the mpicc compiler works
configure:7131: mpicc -std=gnu99 -c -g -O2  conftest.c >&5
configure:7131: $? = 0
configure:7132: result: yes
configure:7157: checking for ross-config
configure:7173: found /home/ubuntu/ROSS/install/bin/ross-config
configure:7184: result: ross-config
configure:7463: checking that generated files are newer than configure
configure:7469: result: done
configure:7528: creating ./config.status

## ---------------------- ##
## Running config.status. ##
## ---------------------- ##

This file was extended by codes-base config.status 0.4.0, which was
generated by GNU Autoconf 2.69.  Invocation command line was

  CONFIG_FILES    = 
  CONFIG_HEADERS  = 
  CONFIG_LINKS    = 
  CONFIG_COMMANDS = 
  $ ./config.status 

on ip-172-31-14-160

config.status:916: creating Makefile
config.status:916: creating maint/codes-base.pc
config.status:916: creating codes_base_config.h
config.status:1130: executing depfiles commands

## ---------------- ##
## Cache variables. ##
## ---------------- ##

ac_cv_build=x86_64-unknown-linux-gnu
ac_cv_c_compiler_gnu=yes
ac_cv_c_const=yes
ac_cv_c_inline=inline
ac_cv_c_int16_t=yes
ac_cv_c_int32_t=yes
ac_cv_c_int64_t=yes
ac_cv_c_int8_t=yes
ac_cv_c_uint16_t=yes
ac_cv_c_uint32_t=yes
ac_cv_c_uint64_t=yes
ac_cv_c_uint8_t=yes
ac_cv_cxx_compiler_gnu=yes
ac_cv_env_CCC_set=
ac_cv_env_CCC_value=
ac_cv_env_CC_set=set
ac_cv_env_CC_value=mpicc
ac_cv_env_CFLAGS_set=
ac_cv_env_CFLAGS_value=
ac_cv_env_CPPFLAGS_set=
ac_cv_env_CPPFLAGS_value=
ac_cv_env_CPP_set=
ac_cv_env_CPP_value=
ac_cv_env_CXXCPP_set=
ac_cv_env_CXXCPP_value=
ac_cv_env_CXXFLAGS_set=
ac_cv_env_CXXFLAGS_value=
ac_cv_env_CXX_set=
ac_cv_env_CXX_value=
ac_cv_env_LDFLAGS_set=
ac_cv_env_LDFLAGS_value=
ac_cv_env_LIBS_set=
ac_cv_env_LIBS_value=
ac_cv_env_YACC_set=
ac_cv_env_YACC_value=
ac_cv_env_YFLAGS_set=
ac_cv_env_YFLAGS_value=
ac_cv_env_build_alias_set=
ac_cv_env_build_alias_value=
ac_cv_env_host_alias_set=
ac_cv_env_host_alias_value=
ac_cv_env_target_alias_set=
ac_cv_env_target_alias_value=
ac_cv_func_memset=yes
ac_cv_header_execinfo_h=yes
ac_cv_header_inttypes_h=yes
ac_cv_header_malloc_h=yes
ac_cv_header_memory_h=yes
ac_cv_header_pthread_h=yes
ac_cv_header_stdc=yes
ac_cv_header_stdint_h=yes
ac_cv_header_stdlib_h=yes
ac_cv_header_string_h=yes
ac_cv_header_strings_h=yes
ac_cv_header_sys_stat_h=yes
ac_cv_header_sys_types_h=yes
ac_cv_header_unistd_h=yes
ac_cv_host=x86_64-unknown-linux-gnu
ac_cv_lib_m_sqrt=yes
ac_cv_lib_pthread_pthread_create=yes
ac_cv_objext=o
ac_cv_path_EGREP='/bin/grep -E'
ac_cv_path_GREP=/bin/grep
ac_cv_path_SED=/bin/sed
ac_cv_path_install='/usr/bin/install -c'
ac_cv_path_mkdir=/bin/mkdir
ac_cv_prog_AWK=gawk
ac_cv_prog_CPP='mpicc -std=gnu99 -E'
ac_cv_prog_CXXCPP='g++ -E'
ac_cv_prog_ROSS_CONFIG=ross-config
ac_cv_prog_YACC='bison -y'
ac_cv_prog_ac_ct_CC=mpicc
ac_cv_prog_ac_ct_CXX=g++
ac_cv_prog_ac_ct_RANLIB=ranlib
ac_cv_prog_cc_c89=
ac_cv_prog_cc_c99=-std=gnu99
ac_cv_prog_cc_g=yes
ac_cv_prog_cxx_g=yes
ac_cv_prog_make_make_set=yes
ac_cv_prog_yacc_root=y.tab
ac_cv_target=x86_64-unknown-linux-gnu
ac_cv_type_size_t=yes
ac_cv_type_ssize_t=yes
am_cv_CC_dependencies_compiler_type=gcc3
am_cv_CXX_dependencies_compiler_type=gcc3
am_cv_make_support_nested_variables=yes
am_cv_prog_cc_c_o=yes
ax_cv_prog_bison=yes
ax_cv_prog_flex=no

## ----------------- ##
## Output variables. ##
## ----------------- ##

ACLOCAL='${SHELL} /home/ubuntu/codes-base/missing aclocal-1.14'
AMDEPBACKSLASH='\'
AMDEP_FALSE='#'
AMDEP_TRUE=''
AMTAR='$${TAR-tar}'
AM_BACKSLASH='\'
AM_DEFAULT_V='$(AM_DEFAULT_VERBOSITY)'
AM_DEFAULT_VERBOSITY='0'
AM_V='$(V)'
AUTOCONF='${SHELL} /home/ubuntu/codes-base/missing autoconf'
AUTOHEADER='${SHELL} /home/ubuntu/codes-base/missing autoheader'
AUTOMAKE='${SHELL} /home/ubuntu/codes-base/missing automake-1.14'
AWK='gawk'
BISON=''
CC='mpicc -std=gnu99'
CCDEPMODE='depmode=gcc3'
CFLAGS='-g -O2'
CODES_PURE_PARSER_DEFINES='%pure-parser'
CODES_PUSH_PARSER_DEFINES='%define api.push_pull "push"'
CPP='mpicc -std=gnu99 -E'
CPPFLAGS=''
CXX='g++'
CXXCPP='g++ -E'
CXXDEPMODE='depmode=gcc3'
CXXFLAGS='-g -O2'
CYGPATH_W='echo'
DARSHAN_CFLAGS=''
DARSHAN_LIBS=''
DEFS='-DHAVE_CONFIG_H'
DEPDIR='.deps'
DUMPI_CFLAGS=''
DUMPI_LIBS=''
ECHO_C=''
ECHO_N='-n'
ECHO_T=''
EGREP='/bin/grep -E'
EXEEXT=''
FLEX=''
GREP='/bin/grep'
HAVE_YACC_OLD_PURE_FALSE=''
HAVE_YACC_OLD_PURE_TRUE='#'
HAVE_YACC_OLD_PUSH_FALSE=''
HAVE_YACC_OLD_PUSH_TRUE='#'
INSTALL_DATA='${INSTALL} -m 644'
INSTALL_PROGRAM='${INSTALL}'
INSTALL_SCRIPT='${INSTALL}'
INSTALL_STRIP_PROGRAM='$(install_sh) -c -s'
LDFLAGS=''
LEX=':'
LEXLIB=''
LEX_OUTPUT_ROOT=''
LIBOBJS=''
LIBS='-lm -lpthread '
LTLIBOBJS=''
MAKEINFO='${SHELL} /home/ubuntu/codes-base/missing makeinfo'
MKDIR_P='/bin/mkdir -p'
OBJEXT='o'
PACKAGE='codes-base'
PACKAGE_BUGREPORT='http://trac.mcs.anl.gov/projects/codes/newticket'
PACKAGE_NAME='codes-base'
PACKAGE_STRING='codes-base 0.4.0'
PACKAGE_TARNAME='codes-base'
PACKAGE_URL='http://www.mcs.anl.gov/projects/codes/'
PACKAGE_VERSION='0.4.0'
PATH_SEPARATOR=':'
RANLIB='ranlib'
RECORDER_CPPFLAGS='-DUSE_RECORDER=1'
ROSS_CFLAGS='-I/home/ubuntu/ROSS/install/include '
ROSS_CONFIG='ross-config'
ROSS_CPPFLAGS='-I/home/ubuntu/ROSS/install/include '
ROSS_LDFLAGS='-L/home/ubuntu/ROSS/install/lib'
ROSS_LIBS='-lROSS -lm'
SED='/bin/sed'
SET_MAKE=''
SHELL='/bin/bash'
STRIP=''
USE_DARSHAN_FALSE=''
USE_DARSHAN_TRUE='#'
USE_DUMPI_FALSE=''
USE_DUMPI_TRUE='#'
USE_RECORDER_FALSE='#'
USE_RECORDER_TRUE=''
VERSION='0.4.0'
YACC='bison -y'
YFLAGS=''
ac_ct_CC='mpicc'
ac_ct_CXX='g++'
am__EXEEXT_FALSE=''
am__EXEEXT_TRUE='#'
am__fastdepCC_FALSE='#'
am__fastdepCC_TRUE=''
am__fastdepCXX_FALSE='#'
am__fastdepCXX_TRUE=''
am__include='include'
am__isrc=' -I$(srcdir)'
am__leading_dot='.'
am__nodep='_no'
am__quote=''
am__tar='$${TAR-tar} chof - "$$tardir"'
am__untar='$${TAR-tar} xf -'
bindir='${exec_prefix}/bin'
bison_ok='yes'
build='x86_64-unknown-linux-gnu'
build_alias=''
build_cpu='x86_64'
build_os='linux-gnu'
build_vendor='unknown'
datadir='${datarootdir}'
datarootdir='${prefix}/share'
docdir='${datarootdir}/doc/${PACKAGE_TARNAME}'
dvidir='${docdir}'
exec_prefix='${prefix}'
host='x86_64-unknown-linux-gnu'
host_alias=''
host_cpu='x86_64'
host_os='linux-gnu'
host_vendor='unknown'
htmldir='${docdir}'
includedir='${prefix}/include'
infodir='${datarootdir}/info'
install_sh='${SHELL} /home/ubuntu/codes-base/install-sh'
libdir='${exec_prefix}/lib'
libexecdir='${exec_prefix}/libexec'
localedir='${datarootdir}/locale'
localstatedir='${prefix}/var'
mandir='${datarootdir}/man'
mkdir_p='$(MKDIR_P)'
oldincludedir='/usr/include'
pdfdir='${docdir}'
prefix='/home/ubuntu/codes-base/install'
program_transform_name='s,x,x,'
psdir='${docdir}'
sbindir='${exec_prefix}/sbin'
sharedstatedir='${prefix}/com'
sysconfdir='${prefix}/etc'
target='x86_64-unknown-linux-gnu'
target_alias=''
target_cpu='x86_64'
target_os='linux-gnu'
target_vendor='unknown'

## ----------- ##
## confdefs.h. ##
## ----------- ##

/* confdefs.h */
#define PACKAGE_NAME "codes-base"
#define PACKAGE_TARNAME "codes-base"
#define PACKAGE_VERSION "0.4.0"
#define PACKAGE_STRING "codes-base 0.4.0"
#define PACKAGE_BUGREPORT "http://trac.mcs.anl.gov/projects/codes/newticket"
#define PACKAGE_URL "http://www.mcs.anl.gov/projects/codes/"
#define PACKAGE "codes-base"
#define VERSION "0.4.0"
#define HAVE_YACC_OLD_PUSH 0
#define HAVE_YACC_OLD_PURE 0
#define STDC_HEADERS 1
#define HAVE_SYS_TYPES_H 1
#define HAVE_SYS_STAT_H 1
#define HAVE_STDLIB_H 1
#define HAVE_STRING_H 1
#define HAVE_MEMORY_H 1
#define HAVE_STRINGS_H 1
#define HAVE_INTTYPES_H 1
#define HAVE_STDINT_H 1
#define HAVE_UNISTD_H 1
#define HAVE_STDLIB_H 1
#define HAVE_STRING_H 1
#define HAVE_UNISTD_H 1
#define HAVE_EXECINFO_H 1
#define HAVE_PTHREAD_H 1
#define HAVE_MALLOC_H 1
#define HAVE_MEMSET 1
#define HAVE_LIBPTHREAD 1
#define HAVE_LIBM 1

configure: exit 0
